[0.077s] Invoking command in '/home/user/ros2_ws/build/my_robot_gazebo': CMAKE_PREFIX_PATH=${CMAKE_PREFIX_PATH}:/opt/ros/jazzy DEBUGINFOD_URLS=https://debuginfod.ubuntu.com /usr/bin/cmake --build /home/user/ros2_ws/build/my_robot_gazebo -- -j4 -l4
[0.764s] Invoked command in '/home/user/ros2_ws/build/my_robot_gazebo' returned '0': CMAKE_PREFIX_PATH=${CMAKE_PREFIX_PATH}:/opt/ros/jazzy DEBUGINFOD_URLS=https://debuginfod.ubuntu.com /usr/bin/cmake --build /home/user/ros2_ws/build/my_robot_gazebo -- -j4 -l4
[0.765s] Invoking command in '/home/user/ros2_ws/build/my_robot_gazebo': CMAKE_PREFIX_PATH=${CMAKE_PREFIX_PATH}:/opt/ros/jazzy DEBUGINFOD_URLS=https://debuginfod.ubuntu.com /usr/bin/cmake --install /home/user/ros2_ws/build/my_robot_gazebo
[0.790s] -- Install configuration: ""
[0.790s] -- Up-to-date: /home/user/ros2_ws/install/my_robot_gazebo/share/my_robot_gazebo/launch
[0.791s] -- Installing: /home/user/ros2_ws/install/my_robot_gazebo/share/my_robot_gazebo/launch/spawn_robot.launch.xml
[0.799s] -- Up-to-date: /home/user/ros2_ws/install/my_robot_gazebo/share/my_robot_gazebo/launch/start_simulator.launch.xml
[0.799s] -- Up-to-date: /home/user/ros2_ws/install/my_robot_gazebo/share/my_robot_gazebo/config
[0.799s] -- Up-to-date: /home/user/ros2_ws/install/my_robot_gazebo/share/my_robot_gazebo/config/gz_bridge.yaml
[0.801s] -- Up-to-date: /home/user/ros2_ws/install/my_robot_gazebo/share/my_robot_gazebo/worlds
[0.801s] -- Up-to-date: /home/user/ros2_ws/install/my_robot_gazebo/share/my_robot_gazebo/worlds/empty.sdf
[0.801s] -- Up-to-date: /home/user/ros2_ws/install/my_robot_gazebo/share/ament_index/resource_index/package_run_dependencies/my_robot_gazebo
[0.801s] -- Up-to-date: /home/user/ros2_ws/install/my_robot_gazebo/share/ament_index/resource_index/parent_prefix_path/my_robot_gazebo
[0.801s] -- Up-to-date: /home/user/ros2_ws/install/my_robot_gazebo/share/my_robot_gazebo/environment/ament_prefix_path.sh
[0.802s] -- Up-to-date: /home/user/ros2_ws/install/my_robot_gazebo/share/my_robot_gazebo/environment/ament_prefix_path.dsv
[0.802s] -- Up-to-date: /home/user/ros2_ws/install/my_robot_gazebo/share/my_robot_gazebo/environment/path.sh
[0.802s] -- Up-to-date: /home/user/ros2_ws/install/my_robot_gazebo/share/my_robot_gazebo/environment/path.dsv
[0.802s] -- Up-to-date: /home/user/ros2_ws/install/my_robot_gazebo/share/my_robot_gazebo/local_setup.bash
[0.802s] -- Up-to-date: /home/user/ros2_ws/install/my_robot_gazebo/share/my_robot_gazebo/local_setup.sh
[0.802s] -- Up-to-date: /home/user/ros2_ws/install/my_robot_gazebo/share/my_robot_gazebo/local_setup.zsh
[0.803s] -- Up-to-date: /home/user/ros2_ws/install/my_robot_gazebo/share/my_robot_gazebo/local_setup.dsv
[0.803s] -- Installing: /home/user/ros2_ws/install/my_robot_gazebo/share/my_robot_gazebo/package.dsv
[0.803s] -- Up-to-date: /home/user/ros2_ws/install/my_robot_gazebo/share/ament_index/resource_index/packages/my_robot_gazebo
[0.803s] -- Up-to-date: /home/user/ros2_ws/install/my_robot_gazebo/share/my_robot_gazebo/cmake/my_robot_gazeboConfig.cmake
[0.803s] -- Up-to-date: /home/user/ros2_ws/install/my_robot_gazebo/share/my_robot_gazebo/cmake/my_robot_gazeboConfig-version.cmake
[0.803s] -- Up-to-date: /home/user/ros2_ws/install/my_robot_gazebo/share/my_robot_gazebo/package.xml
[0.809s] Invoked command in '/home/user/ros2_ws/build/my_robot_gazebo' returned '0': CMAKE_PREFIX_PATH=${CMAKE_PREFIX_PATH}:/opt/ros/jazzy DEBUGINFOD_URLS=https://debuginfod.ubuntu.com /usr/bin/cmake --install /home/user/ros2_ws/build/my_robot_gazebo
