[0.022s] Invoking command in '/home/user/ros2_ws/build/arm_moveit_config': CMAKE_PREFIX_PATH=/home/user/ros2_ws/install/my_robot_description:/home/user/ros2_ws/install/my_robot_gazebo:/home/user/ros2_ws/install/arm_moveit_config:/opt/ros/jazzy/opt/gz_sim_vendor:/opt/ros/jazzy/opt/gz_sensors_vendor:/opt/ros/jazzy/opt/gz_physics_vendor:/opt/ros/jazzy/opt/sdformat_vendor:/opt/ros/jazzy/opt/gz_gui_vendor:/opt/ros/jazzy/opt/gz_transport_vendor:/opt/ros/jazzy/opt/gz_rendering_vendor:/opt/ros/jazzy/opt/gz_plugin_vendor:/opt/ros/jazzy/opt/gz_fuel_tools_vendor:/opt/ros/jazzy/opt/gz_msgs_vendor:/opt/ros/jazzy/opt/gz_common_vendor:/opt/ros/jazzy/opt/gz_math_vendor:/opt/ros/jazzy/opt/gz_utils_vendor:/opt/ros/jazzy/opt/gz_tools_vendor:/opt/ros/jazzy/opt/gz_ogre_next_vendor:/opt/ros/jazzy/opt/gz_dartsim_vendor:/opt/ros/jazzy/opt/gz_cmake_vendor:/home/user/ros2_ws/install/my_robot_motion:/opt/ros/jazzy DEBUGINFOD_URLS=https://debuginfod.ubuntu.com /usr/bin/cmake --build /home/user/ros2_ws/build/arm_moveit_config -- -j4 -l4
[0.137s] Invoked command in '/home/user/ros2_ws/build/arm_moveit_config' returned '0': CMAKE_PREFIX_PATH=/home/user/ros2_ws/install/my_robot_description:/home/user/ros2_ws/install/my_robot_gazebo:/home/user/ros2_ws/install/arm_moveit_config:/opt/ros/jazzy/opt/gz_sim_vendor:/opt/ros/jazzy/opt/gz_sensors_vendor:/opt/ros/jazzy/opt/gz_physics_vendor:/opt/ros/jazzy/opt/sdformat_vendor:/opt/ros/jazzy/opt/gz_gui_vendor:/opt/ros/jazzy/opt/gz_transport_vendor:/opt/ros/jazzy/opt/gz_rendering_vendor:/opt/ros/jazzy/opt/gz_plugin_vendor:/opt/ros/jazzy/opt/gz_fuel_tools_vendor:/opt/ros/jazzy/opt/gz_msgs_vendor:/opt/ros/jazzy/opt/gz_common_vendor:/opt/ros/jazzy/opt/gz_math_vendor:/opt/ros/jazzy/opt/gz_utils_vendor:/opt/ros/jazzy/opt/gz_tools_vendor:/opt/ros/jazzy/opt/gz_ogre_next_vendor:/opt/ros/jazzy/opt/gz_dartsim_vendor:/opt/ros/jazzy/opt/gz_cmake_vendor:/home/user/ros2_ws/install/my_robot_motion:/opt/ros/jazzy DEBUGINFOD_URLS=https://debuginfod.ubuntu.com /usr/bin/cmake --build /home/user/ros2_ws/build/arm_moveit_config -- -j4 -l4
[0.141s] Invoking command in '/home/user/ros2_ws/build/arm_moveit_config': CMAKE_PREFIX_PATH=/home/user/ros2_ws/install/my_robot_description:/home/user/ros2_ws/install/my_robot_gazebo:/home/user/ros2_ws/install/arm_moveit_config:/opt/ros/jazzy/opt/gz_sim_vendor:/opt/ros/jazzy/opt/gz_sensors_vendor:/opt/ros/jazzy/opt/gz_physics_vendor:/opt/ros/jazzy/opt/sdformat_vendor:/opt/ros/jazzy/opt/gz_gui_vendor:/opt/ros/jazzy/opt/gz_transport_vendor:/opt/ros/jazzy/opt/gz_rendering_vendor:/opt/ros/jazzy/opt/gz_plugin_vendor:/opt/ros/jazzy/opt/gz_fuel_tools_vendor:/opt/ros/jazzy/opt/gz_msgs_vendor:/opt/ros/jazzy/opt/gz_common_vendor:/opt/ros/jazzy/opt/gz_math_vendor:/opt/ros/jazzy/opt/gz_utils_vendor:/opt/ros/jazzy/opt/gz_tools_vendor:/opt/ros/jazzy/opt/gz_ogre_next_vendor:/opt/ros/jazzy/opt/gz_dartsim_vendor:/opt/ros/jazzy/opt/gz_cmake_vendor:/home/user/ros2_ws/install/my_robot_motion:/opt/ros/jazzy DEBUGINFOD_URLS=https://debuginfod.ubuntu.com /usr/bin/cmake --install /home/user/ros2_ws/build/arm_moveit_config
[0.166s] -- Install configuration: ""
[0.166s] -- Up-to-date: /home/user/ros2_ws/install/arm_moveit_config/share/ament_index/resource_index/package_run_dependencies/arm_moveit_config
[0.168s] -- Up-to-date: /home/user/ros2_ws/install/arm_moveit_config/share/ament_index/resource_index/parent_prefix_path/arm_moveit_config
[0.168s] -- Up-to-date: /home/user/ros2_ws/install/arm_moveit_config/share/arm_moveit_config/environment/ament_prefix_path.sh
[0.168s] -- Up-to-date: /home/user/ros2_ws/install/arm_moveit_config/share/arm_moveit_config/environment/ament_prefix_path.dsv
[0.169s] -- Up-to-date: /home/user/ros2_ws/install/arm_moveit_config/share/arm_moveit_config/environment/path.sh
[0.170s] -- Up-to-date: /home/user/ros2_ws/install/arm_moveit_config/share/arm_moveit_config/environment/path.dsv
[0.171s] -- Up-to-date: /home/user/ros2_ws/install/arm_moveit_config/share/arm_moveit_config/local_setup.bash
[0.171s] -- Up-to-date: /home/user/ros2_ws/install/arm_moveit_config/share/arm_moveit_config/local_setup.sh
[0.171s] -- Up-to-date: /home/user/ros2_ws/install/arm_moveit_config/share/arm_moveit_config/local_setup.zsh
[0.171s] -- Up-to-date: /home/user/ros2_ws/install/arm_moveit_config/share/arm_moveit_config/local_setup.dsv
[0.171s] -- Installing: /home/user/ros2_ws/install/arm_moveit_config/share/arm_moveit_config/package.dsv
[0.172s] -- Up-to-date: /home/user/ros2_ws/install/arm_moveit_config/share/ament_index/resource_index/packages/arm_moveit_config
[0.172s] -- Up-to-date: /home/user/ros2_ws/install/arm_moveit_config/share/arm_moveit_config/cmake/arm_moveit_configConfig.cmake
[0.172s] -- Up-to-date: /home/user/ros2_ws/install/arm_moveit_config/share/arm_moveit_config/cmake/arm_moveit_configConfig-version.cmake
[0.172s] -- Up-to-date: /home/user/ros2_ws/install/arm_moveit_config/share/arm_moveit_config/package.xml
[0.172s] -- Up-to-date: /home/user/ros2_ws/install/arm_moveit_config/share/arm_moveit_config/launch
[0.172s] -- Up-to-date: /home/user/ros2_ws/install/arm_moveit_config/share/arm_moveit_config/launch/moveit_rviz.launch.py
[0.172s] -- Up-to-date: /home/user/ros2_ws/install/arm_moveit_config/share/arm_moveit_config/launch/setup_assistant.launch.py
[0.172s] -- Up-to-date: /home/user/ros2_ws/install/arm_moveit_config/share/arm_moveit_config/launch/demo.launch.py
[0.173s] -- Up-to-date: /home/user/ros2_ws/install/arm_moveit_config/share/arm_moveit_config/launch/static_virtual_joint_tfs.launch.py
[0.173s] -- Up-to-date: /home/user/ros2_ws/install/arm_moveit_config/share/arm_moveit_config/launch/warehouse_db.launch.py
[0.173s] -- Up-to-date: /home/user/ros2_ws/install/arm_moveit_config/share/arm_moveit_config/launch/spawn_controllers.launch.py
[0.173s] -- Up-to-date: /home/user/ros2_ws/install/arm_moveit_config/share/arm_moveit_config/launch/move_group.launch.py
[0.174s] -- Up-to-date: /home/user/ros2_ws/install/arm_moveit_config/share/arm_moveit_config/launch/rsp.launch.py
[0.174s] -- Up-to-date: /home/user/ros2_ws/install/arm_moveit_config/share/arm_moveit_config/config
[0.174s] -- Up-to-date: /home/user/ros2_ws/install/arm_moveit_config/share/arm_moveit_config/config/ros2_controllers.yaml
[0.174s] -- Up-to-date: /home/user/ros2_ws/install/arm_moveit_config/share/arm_moveit_config/config/joint_limits.yaml
[0.174s] -- Up-to-date: /home/user/ros2_ws/install/arm_moveit_config/share/arm_moveit_config/config/moveit_controllers.yaml
[0.175s] -- Up-to-date: /home/user/ros2_ws/install/arm_moveit_config/share/arm_moveit_config/config/moveit.rviz
[0.175s] -- Up-to-date: /home/user/ros2_ws/install/arm_moveit_config/share/arm_moveit_config/config/kinematics.yaml
[0.175s] -- Up-to-date: /home/user/ros2_ws/install/arm_moveit_config/share/arm_moveit_config/config/my_arm.srdf
[0.175s] -- Up-to-date: /home/user/ros2_ws/install/arm_moveit_config/share/arm_moveit_config/config/pilz_cartesian_limits.yaml
[0.175s] -- Up-to-date: /home/user/ros2_ws/install/arm_moveit_config/share/arm_moveit_config/.setup_assistant
[0.178s] Invoked command in '/home/user/ros2_ws/build/arm_moveit_config' returned '0': CMAKE_PREFIX_PATH=/home/user/ros2_ws/install/my_robot_description:/home/user/ros2_ws/install/my_robot_gazebo:/home/user/ros2_ws/install/arm_moveit_config:/opt/ros/jazzy/opt/gz_sim_vendor:/opt/ros/jazzy/opt/gz_sensors_vendor:/opt/ros/jazzy/opt/gz_physics_vendor:/opt/ros/jazzy/opt/sdformat_vendor:/opt/ros/jazzy/opt/gz_gui_vendor:/opt/ros/jazzy/opt/gz_transport_vendor:/opt/ros/jazzy/opt/gz_rendering_vendor:/opt/ros/jazzy/opt/gz_plugin_vendor:/opt/ros/jazzy/opt/gz_fuel_tools_vendor:/opt/ros/jazzy/opt/gz_msgs_vendor:/opt/ros/jazzy/opt/gz_common_vendor:/opt/ros/jazzy/opt/gz_math_vendor:/opt/ros/jazzy/opt/gz_utils_vendor:/opt/ros/jazzy/opt/gz_tools_vendor:/opt/ros/jazzy/opt/gz_ogre_next_vendor:/opt/ros/jazzy/opt/gz_dartsim_vendor:/opt/ros/jazzy/opt/gz_cmake_vendor:/home/user/ros2_ws/install/my_robot_motion:/opt/ros/jazzy DEBUGINFOD_URLS=https://debuginfod.ubuntu.com /usr/bin/cmake --install /home/user/ros2_ws/build/arm_moveit_config
