[0.077s] Invoking command in '/home/user/ros2_ws/build/my_robot_description': CMAKE_PREFIX_PATH=${CMAKE_PREFIX_PATH}:/home/user/ros2_ws/install/my_robot_motion:/opt/ros/jazzy DEBUGINFOD_URLS=https://debuginfod.ubuntu.com /usr/bin/cmake --build /home/user/ros2_ws/build/my_robot_description -- -j4 -l4
[0.518s] Invoked command in '/home/user/ros2_ws/build/my_robot_description' returned '0': CMAKE_PREFIX_PATH=${CMAKE_PREFIX_PATH}:/home/user/ros2_ws/install/my_robot_motion:/opt/ros/jazzy DEBUGINFOD_URLS=https://debuginfod.ubuntu.com /usr/bin/cmake --build /home/user/ros2_ws/build/my_robot_description -- -j4 -l4
[0.532s] Invoking command in '/home/user/ros2_ws/build/my_robot_description': CMAKE_PREFIX_PATH=${CMAKE_PREFIX_PATH}:/home/user/ros2_ws/install/my_robot_motion:/opt/ros/jazzy DEBUGINFOD_URLS=https://debuginfod.ubuntu.com /usr/bin/cmake --install /home/user/ros2_ws/build/my_robot_description
[0.543s] -- Install configuration: ""
[0.543s] -- Execute custom install script
[0.544s] -- Up-to-date symlink: /home/user/ros2_ws/install/my_robot_description/share/my_robot_description/launch/description_test.launch.xml
[0.544s] -- Up-to-date symlink: /home/user/ros2_ws/install/my_robot_description/share/my_robot_description/launch/manipulator_test.launch.xml
[0.544s] -- Up-to-date symlink: /home/user/ros2_ws/install/my_robot_description/share/my_robot_description/launch/motion_test.launch.xml
[0.545s] -- Up-to-date symlink: /home/user/ros2_ws/install/my_robot_description/share/my_robot_description/urdf/arm.urdf
[0.547s] -- Up-to-date symlink: /home/user/ros2_ws/install/my_robot_description/share/my_robot_description/urdf/my_robot.urdf
[0.547s] -- Up-to-date symlink: /home/user/ros2_ws/install/my_robot_description/share/ament_index/resource_index/package_run_dependencies/my_robot_description
[0.548s] -- Up-to-date symlink: /home/user/ros2_ws/install/my_robot_description/share/ament_index/resource_index/parent_prefix_path/my_robot_description
[0.549s] -- Up-to-date symlink: /home/user/ros2_ws/install/my_robot_description/share/my_robot_description/environment/ament_prefix_path.sh
[0.550s] -- Up-to-date symlink: /home/user/ros2_ws/install/my_robot_description/share/my_robot_description/environment/ament_prefix_path.dsv
[0.550s] -- Up-to-date symlink: /home/user/ros2_ws/install/my_robot_description/share/my_robot_description/environment/path.sh
[0.551s] -- Up-to-date symlink: /home/user/ros2_ws/install/my_robot_description/share/my_robot_description/environment/path.dsv
[0.551s] -- Up-to-date symlink: /home/user/ros2_ws/install/my_robot_description/share/my_robot_description/local_setup.bash
[0.551s] -- Up-to-date symlink: /home/user/ros2_ws/install/my_robot_description/share/my_robot_description/local_setup.sh
[0.551s] -- Up-to-date symlink: /home/user/ros2_ws/install/my_robot_description/share/my_robot_description/local_setup.zsh
[0.551s] -- Up-to-date symlink: /home/user/ros2_ws/install/my_robot_description/share/my_robot_description/local_setup.dsv
[0.552s] -- Symlinking: /home/user/ros2_ws/install/my_robot_description/share/my_robot_description/package.dsv
[0.561s] -- Up-to-date symlink: /home/user/ros2_ws/install/my_robot_description/share/ament_index/resource_index/packages/my_robot_description
[0.561s] -- Up-to-date symlink: /home/user/ros2_ws/install/my_robot_description/share/my_robot_description/cmake/my_robot_descriptionConfig.cmake
[0.562s] -- Up-to-date symlink: /home/user/ros2_ws/install/my_robot_description/share/my_robot_description/cmake/my_robot_descriptionConfig-version.cmake
[0.562s] -- Up-to-date symlink: /home/user/ros2_ws/install/my_robot_description/share/my_robot_description/package.xml
[0.581s] Invoked command in '/home/user/ros2_ws/build/my_robot_description' returned '0': CMAKE_PREFIX_PATH=${CMAKE_PREFIX_PATH}:/home/user/ros2_ws/install/my_robot_motion:/opt/ros/jazzy DEBUGINFOD_URLS=https://debuginfod.ubuntu.com /usr/bin/cmake --install /home/user/ros2_ws/build/my_robot_description
