[0.020s] Invoking command in '/home/user/ros2_ws/build/my_robot_description': CMAKE_PREFIX_PATH=${CMAKE_PREFIX_PATH}:/opt/ros/jazzy DEBUGINFOD_URLS=https://debuginfod.ubuntu.com /usr/bin/cmake --build /home/user/ros2_ws/build/my_robot_description -- -j4 -l4
[0.075s] Invoked command in '/home/user/ros2_ws/build/my_robot_description' returned '0': CMAKE_PREFIX_PATH=${CMAKE_PREFIX_PATH}:/opt/ros/jazzy DEBUGINFOD_URLS=https://debuginfod.ubuntu.com /usr/bin/cmake --build /home/user/ros2_ws/build/my_robot_description -- -j4 -l4
[0.086s] Invoking command in '/home/user/ros2_ws/build/my_robot_description': CMAKE_PREFIX_PATH=${CMAKE_PREFIX_PATH}:/opt/ros/jazzy DEBUGINFOD_URLS=https://debuginfod.ubuntu.com /usr/bin/cmake --install /home/user/ros2_ws/build/my_robot_description
[0.095s] -- Install configuration: ""
[0.095s] -- Execute custom install script
[0.096s] -- Up-to-date symlink: /home/user/ros2_ws/install/my_robot_description/share/my_robot_description/launch/description_test.launch.xml
[0.096s] -- Up-to-date symlink: /home/user/ros2_ws/install/my_robot_description/share/my_robot_description/launch/manipulator_test.launch.xml
[0.097s] -- Up-to-date symlink: /home/user/ros2_ws/install/my_robot_description/share/my_robot_description/urdf/arm.urdf
[0.097s] -- Up-to-date symlink: /home/user/ros2_ws/install/my_robot_description/share/my_robot_description/urdf/my_robot.urdf
[0.097s] -- Up-to-date symlink: /home/user/ros2_ws/install/my_robot_description/share/ament_index/resource_index/package_run_dependencies/my_robot_description
[0.097s] -- Up-to-date symlink: /home/user/ros2_ws/install/my_robot_description/share/ament_index/resource_index/parent_prefix_path/my_robot_description
[0.098s] -- Up-to-date symlink: /home/user/ros2_ws/install/my_robot_description/share/my_robot_description/environment/ament_prefix_path.sh
[0.098s] -- Up-to-date symlink: /home/user/ros2_ws/install/my_robot_description/share/my_robot_description/environment/ament_prefix_path.dsv
[0.098s] -- Up-to-date symlink: /home/user/ros2_ws/install/my_robot_description/share/my_robot_description/environment/path.sh
[0.098s] -- Up-to-date symlink: /home/user/ros2_ws/install/my_robot_description/share/my_robot_description/environment/path.dsv
[0.099s] -- Up-to-date symlink: /home/user/ros2_ws/install/my_robot_description/share/my_robot_description/local_setup.bash
[0.099s] -- Up-to-date symlink: /home/user/ros2_ws/install/my_robot_description/share/my_robot_description/local_setup.sh
[0.099s] -- Up-to-date symlink: /home/user/ros2_ws/install/my_robot_description/share/my_robot_description/local_setup.zsh
[0.106s] -- Up-to-date symlink: /home/user/ros2_ws/install/my_robot_description/share/my_robot_description/local_setup.dsv
[0.107s] -- Symlinking: /home/user/ros2_ws/install/my_robot_description/share/my_robot_description/package.dsv
[0.118s] -- Up-to-date symlink: /home/user/ros2_ws/install/my_robot_description/share/ament_index/resource_index/packages/my_robot_description
[0.119s] -- Up-to-date symlink: /home/user/ros2_ws/install/my_robot_description/share/my_robot_description/cmake/my_robot_descriptionConfig.cmake
[0.119s] -- Up-to-date symlink: /home/user/ros2_ws/install/my_robot_description/share/my_robot_description/cmake/my_robot_descriptionConfig-version.cmake
[0.119s] -- Up-to-date symlink: /home/user/ros2_ws/install/my_robot_description/share/my_robot_description/package.xml
[0.121s] Invoked command in '/home/user/ros2_ws/build/my_robot_description' returned '0': CMAKE_PREFIX_PATH=${CMAKE_PREFIX_PATH}:/opt/ros/jazzy DEBUGINFOD_URLS=https://debuginfod.ubuntu.com /usr/bin/cmake --install /home/user/ros2_ws/build/my_robot_description
