[0.059s] Invoking command in '/home/user/ros2_ws/build/my_robot_gazebo': CMAKE_PREFIX_PATH=${CMAKE_PREFIX_PATH}:/home/user/ros2_ws/install/my_robot_motion:/opt/ros/jazzy DEBUGINFOD_URLS=https://debuginfod.ubuntu.com /usr/bin/cmake /home/user/ros2_ws/src/repository/my_robot_gazebo -DCMAKE_INSTALL_PREFIX=/home/user/ros2_ws/install/my_robot_gazebo
[0.138s] -- The C compiler identification is GNU 13.3.0
[0.232s] -- The CXX compiler identification is GNU 13.3.0
[0.254s] -- Detecting C compiler ABI info
[0.381s] -- Detecting C compiler ABI info - done
[0.407s] -- Check for working C compiler: /usr/bin/cc - skipped
[0.407s] -- Detecting C compile features
[0.408s] -- Detecting C compile features - done
[0.422s] -- Detecting CXX compiler ABI info
[0.621s] -- Detecting CXX compiler ABI info - done
[0.657s] -- Check for working CXX compiler: /usr/bin/c++ - skipped
[0.657s] -- Detecting CXX compile features
[0.658s] -- Detecting CXX compile features - done
[0.665s] -- Found ament_cmake: 2.5.6 (/opt/ros/jazzy/share/ament_cmake/cmake)
[0.971s] -- Found Python3: /usr/bin/python3 (found version "3.12.3") found components: Interpreter 
[1.193s] -- Found ament_lint_auto: 0.17.5 (/opt/ros/jazzy/share/ament_lint_auto/cmake)
[1.446s] -- Added test 'lint_cmake' to check CMake code style
[1.450s] -- Added test 'xmllint' to check XML markup files
[1.452s] -- Configuring done (1.4s)
[1.457s] -- Generating done (0.0s)
[1.460s] -- Build files have been written to: /home/user/ros2_ws/build/my_robot_gazebo
[1.467s] Invoked command in '/home/user/ros2_ws/build/my_robot_gazebo' returned '0': CMAKE_PREFIX_PATH=${CMAKE_PREFIX_PATH}:/home/user/ros2_ws/install/my_robot_motion:/opt/ros/jazzy DEBUGINFOD_URLS=https://debuginfod.ubuntu.com /usr/bin/cmake /home/user/ros2_ws/src/repository/my_robot_gazebo -DCMAKE_INSTALL_PREFIX=/home/user/ros2_ws/install/my_robot_gazebo
[1.468s] Invoking command in '/home/user/ros2_ws/build/my_robot_gazebo': CMAKE_PREFIX_PATH=${CMAKE_PREFIX_PATH}:/home/user/ros2_ws/install/my_robot_motion:/opt/ros/jazzy DEBUGINFOD_URLS=https://debuginfod.ubuntu.com /usr/bin/cmake --build /home/user/ros2_ws/build/my_robot_gazebo -- -j4 -l4
[1.526s] Invoked command in '/home/user/ros2_ws/build/my_robot_gazebo' returned '0': CMAKE_PREFIX_PATH=${CMAKE_PREFIX_PATH}:/home/user/ros2_ws/install/my_robot_motion:/opt/ros/jazzy DEBUGINFOD_URLS=https://debuginfod.ubuntu.com /usr/bin/cmake --build /home/user/ros2_ws/build/my_robot_gazebo -- -j4 -l4
[1.528s] Invoking command in '/home/user/ros2_ws/build/my_robot_gazebo': CMAKE_PREFIX_PATH=${CMAKE_PREFIX_PATH}:/home/user/ros2_ws/install/my_robot_motion:/opt/ros/jazzy DEBUGINFOD_URLS=https://debuginfod.ubuntu.com /usr/bin/cmake --install /home/user/ros2_ws/build/my_robot_gazebo
[1.537s] -- Install configuration: ""
[1.537s] -- Installing: /home/user/ros2_ws/install/my_robot_gazebo/share/my_robot_gazebo/launch
[1.537s] -- Installing: /home/user/ros2_ws/install/my_robot_gazebo/share/my_robot_gazebo/launch/start_simulator.launch.xml
[1.538s] -- Installing: /home/user/ros2_ws/install/my_robot_gazebo/share/my_robot_gazebo/config
[1.539s] -- Installing: /home/user/ros2_ws/install/my_robot_gazebo/share/my_robot_gazebo/config/gz_bridge.yaml
[1.539s] -- Installing: /home/user/ros2_ws/install/my_robot_gazebo/share/my_robot_gazebo/worlds
[1.539s] -- Installing: /home/user/ros2_ws/install/my_robot_gazebo/share/my_robot_gazebo/worlds/empty.sdf
[1.539s] -- Installing: /home/user/ros2_ws/install/my_robot_gazebo/share/ament_index/resource_index/package_run_dependencies/my_robot_gazebo
[1.540s] -- Installing: /home/user/ros2_ws/install/my_robot_gazebo/share/ament_index/resource_index/parent_prefix_path/my_robot_gazebo
[1.540s] -- Installing: /home/user/ros2_ws/install/my_robot_gazebo/share/my_robot_gazebo/environment/ament_prefix_path.sh
[1.540s] -- Installing: /home/user/ros2_ws/install/my_robot_gazebo/share/my_robot_gazebo/environment/ament_prefix_path.dsv
[1.540s] -- Installing: /home/user/ros2_ws/install/my_robot_gazebo/share/my_robot_gazebo/environment/path.sh
[1.540s] -- Installing: /home/user/ros2_ws/install/my_robot_gazebo/share/my_robot_gazebo/environment/path.dsv
[1.541s] -- Installing: /home/user/ros2_ws/install/my_robot_gazebo/share/my_robot_gazebo/local_setup.bash
[1.541s] -- Installing: /home/user/ros2_ws/install/my_robot_gazebo/share/my_robot_gazebo/local_setup.sh
[1.541s] -- Installing: /home/user/ros2_ws/install/my_robot_gazebo/share/my_robot_gazebo/local_setup.zsh
[1.541s] -- Installing: /home/user/ros2_ws/install/my_robot_gazebo/share/my_robot_gazebo/local_setup.dsv
[1.542s] -- Installing: /home/user/ros2_ws/install/my_robot_gazebo/share/my_robot_gazebo/package.dsv
[1.542s] -- Installing: /home/user/ros2_ws/install/my_robot_gazebo/share/ament_index/resource_index/packages/my_robot_gazebo
[1.542s] -- Installing: /home/user/ros2_ws/install/my_robot_gazebo/share/my_robot_gazebo/cmake/my_robot_gazeboConfig.cmake
[1.542s] -- Installing: /home/user/ros2_ws/install/my_robot_gazebo/share/my_robot_gazebo/cmake/my_robot_gazeboConfig-version.cmake
[1.542s] -- Installing: /home/user/ros2_ws/install/my_robot_gazebo/share/my_robot_gazebo/package.xml
[1.545s] Invoked command in '/home/user/ros2_ws/build/my_robot_gazebo' returned '0': CMAKE_PREFIX_PATH=${CMAKE_PREFIX_PATH}:/home/user/ros2_ws/install/my_robot_motion:/opt/ros/jazzy DEBUGINFOD_URLS=https://debuginfod.ubuntu.com /usr/bin/cmake --install /home/user/ros2_ws/build/my_robot_gazebo
