-- Install configuration: ""
-- Up-to-date: /home/user/ros2_ws/install/my_robot_gazebo/share/my_robot_gazebo/launch
-- Up-to-date: /home/user/ros2_ws/install/my_robot_gazebo/share/my_robot_gazebo/launch/start_simulator.launch.xml
-- Up-to-date: /home/user/ros2_ws/install/my_robot_gazebo/share/my_robot_gazebo/config
-- Up-to-date: /home/user/ros2_ws/install/my_robot_gazebo/share/my_robot_gazebo/config/gz_bridge.yaml
-- Up-to-date: /home/user/ros2_ws/install/my_robot_gazebo/share/my_robot_gazebo/worlds
-- Up-to-date: /home/user/ros2_ws/install/my_robot_gazebo/share/my_robot_gazebo/worlds/empty.sdf
-- Up-to-date: /home/user/ros2_ws/install/my_robot_gazebo/share/ament_index/resource_index/package_run_dependencies/my_robot_gazebo
-- Up-to-date: /home/user/ros2_ws/install/my_robot_gazebo/share/ament_index/resource_index/parent_prefix_path/my_robot_gazebo
-- Up-to-date: /home/user/ros2_ws/install/my_robot_gazebo/share/my_robot_gazebo/environment/ament_prefix_path.sh
-- Up-to-date: /home/user/ros2_ws/install/my_robot_gazebo/share/my_robot_gazebo/environment/ament_prefix_path.dsv
-- Up-to-date: /home/user/ros2_ws/install/my_robot_gazebo/share/my_robot_gazebo/environment/path.sh
-- Up-to-date: /home/user/ros2_ws/install/my_robot_gazebo/share/my_robot_gazebo/environment/path.dsv
-- Up-to-date: /home/user/ros2_ws/install/my_robot_gazebo/share/my_robot_gazebo/local_setup.bash
-- Up-to-date: /home/user/ros2_ws/install/my_robot_gazebo/share/my_robot_gazebo/local_setup.sh
-- Up-to-date: /home/user/ros2_ws/install/my_robot_gazebo/share/my_robot_gazebo/local_setup.zsh
-- Up-to-date: /home/user/ros2_ws/install/my_robot_gazebo/share/my_robot_gazebo/local_setup.dsv
-- Up-to-date: /home/user/ros2_ws/install/my_robot_gazebo/share/my_robot_gazebo/package.dsv
-- Up-to-date: /home/user/ros2_ws/install/my_robot_gazebo/share/ament_index/resource_index/packages/my_robot_gazebo
-- Up-to-date: /home/user/ros2_ws/install/my_robot_gazebo/share/my_robot_gazebo/cmake/my_robot_gazeboConfig.cmake
-- Up-to-date: /home/user/ros2_ws/install/my_robot_gazebo/share/my_robot_gazebo/cmake/my_robot_gazeboConfig-version.cmake
-- Up-to-date: /home/user/ros2_ws/install/my_robot_gazebo/share/my_robot_gazebo/package.xml
