[0.091s] Invoking command in '/home/user/ros2_ws/build/my_robot_description': CMAKE_PREFIX_PATH=${CMAKE_PREFIX_PATH}:/opt/ros/jazzy DEBUGINFOD_URLS=https://debuginfod.ubuntu.com /usr/bin/cmake --build /home/user/ros2_ws/build/my_robot_description -- -j4 -l4
[0.757s] Invoked command in '/home/user/ros2_ws/build/my_robot_description' returned '0': CMAKE_PREFIX_PATH=${CMAKE_PREFIX_PATH}:/opt/ros/jazzy DEBUGINFOD_URLS=https://debuginfod.ubuntu.com /usr/bin/cmake --build /home/user/ros2_ws/build/my_robot_description -- -j4 -l4
[0.776s] Invoking command in '/home/user/ros2_ws/build/my_robot_description': CMAKE_PREFIX_PATH=${CMAKE_PREFIX_PATH}:/opt/ros/jazzy DEBUGINFOD_URLS=https://debuginfod.ubuntu.com /usr/bin/cmake --install /home/user/ros2_ws/build/my_robot_description
[0.798s] -- Install configuration: ""
[0.798s] -- Execute custom install script
[0.799s] -- Up-to-date symlink: /home/user/ros2_ws/install/my_robot_description/share/my_robot_description/launch/description_test.launch.xml
[0.799s] -- Up-to-date symlink: /home/user/ros2_ws/install/my_robot_description/share/my_robot_description/launch/manipulator_test.launch.xml
[0.800s] -- Up-to-date symlink: /home/user/ros2_ws/install/my_robot_description/share/my_robot_description/launch/motion_test.launch.xml
[0.803s] -- Up-to-date symlink: /home/user/ros2_ws/install/my_robot_description/share/my_robot_description/urdf/arm.urdf
[0.803s] -- Up-to-date symlink: /home/user/ros2_ws/install/my_robot_description/share/my_robot_description/urdf/my_robot.urdf
[0.803s] -- Up-to-date symlink: /home/user/ros2_ws/install/my_robot_description/share/ament_index/resource_index/package_run_dependencies/my_robot_description
[0.803s] -- Up-to-date symlink: /home/user/ros2_ws/install/my_robot_description/share/ament_index/resource_index/parent_prefix_path/my_robot_description
[0.804s] -- Up-to-date symlink: /home/user/ros2_ws/install/my_robot_description/share/my_robot_description/environment/ament_prefix_path.sh
[0.804s] -- Up-to-date symlink: /home/user/ros2_ws/install/my_robot_description/share/my_robot_description/environment/ament_prefix_path.dsv
[0.804s] -- Up-to-date symlink: /home/user/ros2_ws/install/my_robot_description/share/my_robot_description/environment/path.sh
[0.809s] -- Up-to-date symlink: /home/user/ros2_ws/install/my_robot_description/share/my_robot_description/environment/path.dsv
[0.809s] -- Up-to-date symlink: /home/user/ros2_ws/install/my_robot_description/share/my_robot_description/local_setup.bash
[0.811s] -- Up-to-date symlink: /home/user/ros2_ws/install/my_robot_description/share/my_robot_description/local_setup.sh
[0.811s] -- Up-to-date symlink: /home/user/ros2_ws/install/my_robot_description/share/my_robot_description/local_setup.zsh
[0.811s] -- Up-to-date symlink: /home/user/ros2_ws/install/my_robot_description/share/my_robot_description/local_setup.dsv
[0.818s] -- Symlinking: /home/user/ros2_ws/install/my_robot_description/share/my_robot_description/package.dsv
[0.845s] -- Up-to-date symlink: /home/user/ros2_ws/install/my_robot_description/share/ament_index/resource_index/packages/my_robot_description
[0.846s] -- Up-to-date symlink: /home/user/ros2_ws/install/my_robot_description/share/my_robot_description/cmake/my_robot_descriptionConfig.cmake
[0.846s] -- Up-to-date symlink: /home/user/ros2_ws/install/my_robot_description/share/my_robot_description/cmake/my_robot_descriptionConfig-version.cmake
[0.846s] -- Up-to-date symlink: /home/user/ros2_ws/install/my_robot_description/share/my_robot_description/package.xml
[0.879s] Invoked command in '/home/user/ros2_ws/build/my_robot_description' returned '0': CMAKE_PREFIX_PATH=${CMAKE_PREFIX_PATH}:/opt/ros/jazzy DEBUGINFOD_URLS=https://debuginfod.ubuntu.com /usr/bin/cmake --install /home/user/ros2_ws/build/my_robot_description
