[0.201s] DEBUG:colcon:Command line arguments: ['/usr/bin/colcon', 'build']
[0.201s] DEBUG:colcon:Parsed command line arguments: Namespace(log_base=None, log_level=None, verb_name='build', build_base='build', install_base='install', merge_install=False, symlink_install=False, test_result_base=None, continue_on_error=False, executor='parallel', parallel_workers=4, event_handlers=None, ignore_user_meta=False, metas=['./colcon.meta'], base_paths=['.'], packages_ignore=None, packages_ignore_regex=None, paths=None, packages_up_to=None, packages_up_to_regex=None, packages_above=None, packages_above_and_dependencies=None, packages_above_depth=None, packages_select_by_dep=None, packages_skip_by_dep=None, packages_skip_up_to=None, packages_select_build_failed=False, packages_skip_build_finished=False, packages_select_test_failures=False, packages_skip_test_passed=False, packages_select=None, packages_skip=None, packages_select_regex=None, packages_skip_regex=None, packages_start=None, packages_end=None, allow_overriding=[], cmake_args=None, cmake_target=None, cmake_target_skip_unavailable=False, cmake_clean_cache=False, cmake_clean_first=False, cmake_force_configure=False, ament_cmake_args=None, catkin_cmake_args=None, catkin_skip_building_tests=False, mixin_files=None, mixin=None, verb_parser=<colcon_mixin.mixin.mixin_argument.MixinArgumentDecorator object at 0x716b2d9a2c00>, verb_extension=<colcon_core.verb.build.BuildVerb object at 0x716b2d944950>, main=<bound method BuildVerb.main of <colcon_core.verb.build.BuildVerb object at 0x716b2d944950>>, mixin_verb=('build',))
[0.269s] Level 1:colcon.colcon_core.package_discovery:discover_packages(colcon_meta) check parameters
[0.269s] Level 1:colcon.colcon_core.package_discovery:discover_packages(recursive) check parameters
[0.269s] Level 1:colcon.colcon_core.package_discovery:discover_packages(ignore) check parameters
[0.269s] Level 1:colcon.colcon_core.package_discovery:discover_packages(path) check parameters
[0.269s] Level 1:colcon.colcon_core.package_discovery:discover_packages(colcon_meta) discover
[0.269s] Level 1:colcon.colcon_core.package_discovery:discover_packages(recursive) discover
[0.269s] INFO:colcon.colcon_core.package_discovery:Crawling recursively for packages in '/home/user/ros2_ws'
[0.270s] Level 1:colcon.colcon_core.package_identification:_identify(.) by extensions ['ignore', 'ignore_ament_install']
[0.270s] Level 1:colcon.colcon_core.package_identification:_identify(.) by extension 'ignore'
[0.270s] Level 1:colcon.colcon_core.package_identification:_identify(.) by extension 'ignore_ament_install'
[0.270s] Level 1:colcon.colcon_core.package_identification:_identify(.) by extensions ['colcon_pkg']
[0.270s] Level 1:colcon.colcon_core.package_identification:_identify(.) by extension 'colcon_pkg'
[0.270s] Level 1:colcon.colcon_core.package_identification:_identify(.) by extensions ['colcon_meta']
[0.270s] Level 1:colcon.colcon_core.package_identification:_identify(.) by extension 'colcon_meta'
[0.270s] Level 1:colcon.colcon_core.package_identification:_identify(.) by extensions ['ros']
[0.270s] Level 1:colcon.colcon_core.package_identification:_identify(.) by extension 'ros'
[0.319s] Level 1:colcon.colcon_core.package_identification:_identify(.) by extensions ['cmake', 'python']
[0.319s] Level 1:colcon.colcon_core.package_identification:_identify(.) by extension 'cmake'
[0.319s] Level 1:colcon.colcon_core.package_identification:_identify(.) by extension 'python'
[0.319s] Level 1:colcon.colcon_core.package_identification:_identify(.) by extensions ['python_setup_py']
[0.319s] Level 1:colcon.colcon_core.package_identification:_identify(.) by extension 'python_setup_py'
[0.319s] Level 1:colcon.colcon_core.package_identification:_identify(build) by extensions ['ignore', 'ignore_ament_install']
[0.319s] Level 1:colcon.colcon_core.package_identification:_identify(build) by extension 'ignore'
[0.320s] Level 1:colcon.colcon_core.package_identification:_identify(build) ignored
[0.320s] Level 1:colcon.colcon_core.package_identification:_identify(install) by extensions ['ignore', 'ignore_ament_install']
[0.320s] Level 1:colcon.colcon_core.package_identification:_identify(install) by extension 'ignore'
[0.320s] Level 1:colcon.colcon_core.package_identification:_identify(install) ignored
[0.320s] Level 1:colcon.colcon_core.package_identification:_identify(log) by extensions ['ignore', 'ignore_ament_install']
[0.320s] Level 1:colcon.colcon_core.package_identification:_identify(log) by extension 'ignore'
[0.320s] Level 1:colcon.colcon_core.package_identification:_identify(log) ignored
[0.320s] Level 1:colcon.colcon_core.package_identification:_identify(src) by extensions ['ignore', 'ignore_ament_install']
[0.321s] Level 1:colcon.colcon_core.package_identification:_identify(src) by extension 'ignore'
[0.321s] Level 1:colcon.colcon_core.package_identification:_identify(src) by extension 'ignore_ament_install'
[0.321s] Level 1:colcon.colcon_core.package_identification:_identify(src) by extensions ['colcon_pkg']
[0.321s] Level 1:colcon.colcon_core.package_identification:_identify(src) by extension 'colcon_pkg'
[0.321s] Level 1:colcon.colcon_core.package_identification:_identify(src) by extensions ['colcon_meta']
[0.321s] Level 1:colcon.colcon_core.package_identification:_identify(src) by extension 'colcon_meta'
[0.321s] Level 1:colcon.colcon_core.package_identification:_identify(src) by extensions ['ros']
[0.321s] Level 1:colcon.colcon_core.package_identification:_identify(src) by extension 'ros'
[0.321s] Level 1:colcon.colcon_core.package_identification:_identify(src) by extensions ['cmake', 'python']
[0.321s] Level 1:colcon.colcon_core.package_identification:_identify(src) by extension 'cmake'
[0.321s] Level 1:colcon.colcon_core.package_identification:_identify(src) by extension 'python'
[0.321s] Level 1:colcon.colcon_core.package_identification:_identify(src) by extensions ['python_setup_py']
[0.321s] Level 1:colcon.colcon_core.package_identification:_identify(src) by extension 'python_setup_py'
[0.321s] Level 1:colcon.colcon_core.package_identification:_identify(src/repository) by extensions ['ignore', 'ignore_ament_install']
[0.322s] Level 1:colcon.colcon_core.package_identification:_identify(src/repository) by extension 'ignore'
[0.322s] Level 1:colcon.colcon_core.package_identification:_identify(src/repository) by extension 'ignore_ament_install'
[0.322s] Level 1:colcon.colcon_core.package_identification:_identify(src/repository) by extensions ['colcon_pkg']
[0.322s] Level 1:colcon.colcon_core.package_identification:_identify(src/repository) by extension 'colcon_pkg'
[0.322s] Level 1:colcon.colcon_core.package_identification:_identify(src/repository) by extensions ['colcon_meta']
[0.322s] Level 1:colcon.colcon_core.package_identification:_identify(src/repository) by extension 'colcon_meta'
[0.322s] Level 1:colcon.colcon_core.package_identification:_identify(src/repository) by extensions ['ros']
[0.322s] Level 1:colcon.colcon_core.package_identification:_identify(src/repository) by extension 'ros'
[0.322s] Level 1:colcon.colcon_core.package_identification:_identify(src/repository) by extensions ['cmake', 'python']
[0.322s] Level 1:colcon.colcon_core.package_identification:_identify(src/repository) by extension 'cmake'
[0.322s] Level 1:colcon.colcon_core.package_identification:_identify(src/repository) by extension 'python'
[0.322s] Level 1:colcon.colcon_core.package_identification:_identify(src/repository) by extensions ['python_setup_py']
[0.322s] Level 1:colcon.colcon_core.package_identification:_identify(src/repository) by extension 'python_setup_py'
[0.322s] Level 1:colcon.colcon_core.package_identification:_identify(src/repository/arm_moveit_config) by extensions ['ignore', 'ignore_ament_install']
[0.322s] Level 1:colcon.colcon_core.package_identification:_identify(src/repository/arm_moveit_config) by extension 'ignore'
[0.323s] Level 1:colcon.colcon_core.package_identification:_identify(src/repository/arm_moveit_config) by extension 'ignore_ament_install'
[0.323s] Level 1:colcon.colcon_core.package_identification:_identify(src/repository/arm_moveit_config) by extensions ['colcon_pkg']
[0.323s] Level 1:colcon.colcon_core.package_identification:_identify(src/repository/arm_moveit_config) by extension 'colcon_pkg'
[0.323s] Level 1:colcon.colcon_core.package_identification:_identify(src/repository/arm_moveit_config) by extensions ['colcon_meta']
[0.323s] Level 1:colcon.colcon_core.package_identification:_identify(src/repository/arm_moveit_config) by extension 'colcon_meta'
[0.323s] Level 1:colcon.colcon_core.package_identification:_identify(src/repository/arm_moveit_config) by extensions ['ros']
[0.323s] Level 1:colcon.colcon_core.package_identification:_identify(src/repository/arm_moveit_config) by extension 'ros'
[0.327s] DEBUG:colcon.colcon_core.package_identification:Package 'src/repository/arm_moveit_config' with type 'ros.ament_cmake' and name 'arm_moveit_config'
[0.327s] Level 1:colcon.colcon_core.package_identification:_identify(src/repository/my_robot_description) by extensions ['ignore', 'ignore_ament_install']
[0.327s] Level 1:colcon.colcon_core.package_identification:_identify(src/repository/my_robot_description) by extension 'ignore'
[0.327s] Level 1:colcon.colcon_core.package_identification:_identify(src/repository/my_robot_description) by extension 'ignore_ament_install'
[0.328s] Level 1:colcon.colcon_core.package_identification:_identify(src/repository/my_robot_description) by extensions ['colcon_pkg']
[0.328s] Level 1:colcon.colcon_core.package_identification:_identify(src/repository/my_robot_description) by extension 'colcon_pkg'
[0.328s] Level 1:colcon.colcon_core.package_identification:_identify(src/repository/my_robot_description) by extensions ['colcon_meta']
[0.328s] Level 1:colcon.colcon_core.package_identification:_identify(src/repository/my_robot_description) by extension 'colcon_meta'
[0.328s] Level 1:colcon.colcon_core.package_identification:_identify(src/repository/my_robot_description) by extensions ['ros']
[0.328s] Level 1:colcon.colcon_core.package_identification:_identify(src/repository/my_robot_description) by extension 'ros'
[0.329s] DEBUG:colcon.colcon_core.package_identification:Package 'src/repository/my_robot_description' with type 'ros.ament_cmake' and name 'my_robot_description'
[0.329s] Level 1:colcon.colcon_core.package_identification:_identify(src/repository/my_robot_gazebo) by extensions ['ignore', 'ignore_ament_install']
[0.329s] Level 1:colcon.colcon_core.package_identification:_identify(src/repository/my_robot_gazebo) by extension 'ignore'
[0.329s] Level 1:colcon.colcon_core.package_identification:_identify(src/repository/my_robot_gazebo) by extension 'ignore_ament_install'
[0.329s] Level 1:colcon.colcon_core.package_identification:_identify(src/repository/my_robot_gazebo) by extensions ['colcon_pkg']
[0.329s] Level 1:colcon.colcon_core.package_identification:_identify(src/repository/my_robot_gazebo) by extension 'colcon_pkg'
[0.329s] Level 1:colcon.colcon_core.package_identification:_identify(src/repository/my_robot_gazebo) by extensions ['colcon_meta']
[0.329s] Level 1:colcon.colcon_core.package_identification:_identify(src/repository/my_robot_gazebo) by extension 'colcon_meta'
[0.329s] Level 1:colcon.colcon_core.package_identification:_identify(src/repository/my_robot_gazebo) by extensions ['ros']
[0.329s] Level 1:colcon.colcon_core.package_identification:_identify(src/repository/my_robot_gazebo) by extension 'ros'
[0.330s] DEBUG:colcon.colcon_core.package_identification:Package 'src/repository/my_robot_gazebo' with type 'ros.ament_cmake' and name 'my_robot_gazebo'
[0.330s] Level 1:colcon.colcon_core.package_identification:_identify(src/repository/my_robot_motion) by extensions ['ignore', 'ignore_ament_install']
[0.331s] Level 1:colcon.colcon_core.package_identification:_identify(src/repository/my_robot_motion) by extension 'ignore'
[0.331s] Level 1:colcon.colcon_core.package_identification:_identify(src/repository/my_robot_motion) by extension 'ignore_ament_install'
[0.331s] Level 1:colcon.colcon_core.package_identification:_identify(src/repository/my_robot_motion) by extensions ['colcon_pkg']
[0.331s] Level 1:colcon.colcon_core.package_identification:_identify(src/repository/my_robot_motion) by extension 'colcon_pkg'
[0.331s] Level 1:colcon.colcon_core.package_identification:_identify(src/repository/my_robot_motion) by extensions ['colcon_meta']
[0.331s] Level 1:colcon.colcon_core.package_identification:_identify(src/repository/my_robot_motion) by extension 'colcon_meta'
[0.331s] Level 1:colcon.colcon_core.package_identification:_identify(src/repository/my_robot_motion) by extensions ['ros']
[0.331s] Level 1:colcon.colcon_core.package_identification:_identify(src/repository/my_robot_motion) by extension 'ros'
[0.332s] DEBUG:colcon.colcon_core.package_identification:Package 'src/repository/my_robot_motion' with type 'ros.ament_python' and name 'my_robot_motion'
[0.332s] Level 1:colcon.colcon_core.package_discovery:discover_packages(recursive) using defaults
[0.332s] Level 1:colcon.colcon_core.package_discovery:discover_packages(ignore) discover
[0.332s] Level 1:colcon.colcon_core.package_discovery:discover_packages(ignore) using defaults
[0.332s] Level 1:colcon.colcon_core.package_discovery:discover_packages(path) discover
[0.332s] Level 1:colcon.colcon_core.package_discovery:discover_packages(path) using defaults
[0.363s] Level 1:colcon.colcon_core.package_discovery:discover_packages(prefix_path) check parameters
[0.363s] Level 1:colcon.colcon_core.package_discovery:discover_packages(prefix_path) discover
[0.366s] DEBUG:colcon.colcon_installed_package_information.package_discovery:Found 4 installed packages in /home/user/ros2_ws/install
[0.371s] DEBUG:colcon.colcon_installed_package_information.package_discovery:Found 511 installed packages in /opt/ros/jazzy
[0.375s] Level 1:colcon.colcon_core.package_discovery:discover_packages(prefix_path) using defaults
[0.519s] Level 5:colcon.colcon_core.verb:set package 'my_robot_description' build argument 'cmake_args' from command line to 'None'
[0.519s] Level 5:colcon.colcon_core.verb:set package 'my_robot_description' build argument 'cmake_target' from command line to 'None'
[0.519s] Level 5:colcon.colcon_core.verb:set package 'my_robot_description' build argument 'cmake_target_skip_unavailable' from command line to 'False'
[0.519s] Level 5:colcon.colcon_core.verb:set package 'my_robot_description' build argument 'cmake_clean_cache' from command line to 'False'
[0.519s] Level 5:colcon.colcon_core.verb:set package 'my_robot_description' build argument 'cmake_clean_first' from command line to 'False'
[0.519s] Level 5:colcon.colcon_core.verb:set package 'my_robot_description' build argument 'cmake_force_configure' from command line to 'False'
[0.519s] Level 5:colcon.colcon_core.verb:set package 'my_robot_description' build argument 'ament_cmake_args' from command line to 'None'
[0.519s] Level 5:colcon.colcon_core.verb:set package 'my_robot_description' build argument 'catkin_cmake_args' from command line to 'None'
[0.519s] Level 5:colcon.colcon_core.verb:set package 'my_robot_description' build argument 'catkin_skip_building_tests' from command line to 'False'
[0.519s] DEBUG:colcon.colcon_core.verb:Building package 'my_robot_description' with the following arguments: {'ament_cmake_args': None, 'build_base': '/home/user/ros2_ws/build/my_robot_description', 'catkin_cmake_args': None, 'catkin_skip_building_tests': False, 'cmake_args': None, 'cmake_clean_cache': False, 'cmake_clean_first': False, 'cmake_force_configure': False, 'cmake_target': None, 'cmake_target_skip_unavailable': False, 'install_base': '/home/user/ros2_ws/install/my_robot_description', 'merge_install': False, 'path': '/home/user/ros2_ws/src/repository/my_robot_description', 'symlink_install': False, 'test_result_base': None}
[0.520s] Level 5:colcon.colcon_core.verb:set package 'my_robot_gazebo' build argument 'cmake_args' from command line to 'None'
[0.520s] Level 5:colcon.colcon_core.verb:set package 'my_robot_gazebo' build argument 'cmake_target' from command line to 'None'
[0.520s] Level 5:colcon.colcon_core.verb:set package 'my_robot_gazebo' build argument 'cmake_target_skip_unavailable' from command line to 'False'
[0.520s] Level 5:colcon.colcon_core.verb:set package 'my_robot_gazebo' build argument 'cmake_clean_cache' from command line to 'False'
[0.520s] Level 5:colcon.colcon_core.verb:set package 'my_robot_gazebo' build argument 'cmake_clean_first' from command line to 'False'
[0.520s] Level 5:colcon.colcon_core.verb:set package 'my_robot_gazebo' build argument 'cmake_force_configure' from command line to 'False'
[0.520s] Level 5:colcon.colcon_core.verb:set package 'my_robot_gazebo' build argument 'ament_cmake_args' from command line to 'None'
[0.520s] Level 5:colcon.colcon_core.verb:set package 'my_robot_gazebo' build argument 'catkin_cmake_args' from command line to 'None'
[0.520s] Level 5:colcon.colcon_core.verb:set package 'my_robot_gazebo' build argument 'catkin_skip_building_tests' from command line to 'False'
[0.520s] DEBUG:colcon.colcon_core.verb:Building package 'my_robot_gazebo' with the following arguments: {'ament_cmake_args': None, 'build_base': '/home/user/ros2_ws/build/my_robot_gazebo', 'catkin_cmake_args': None, 'catkin_skip_building_tests': False, 'cmake_args': None, 'cmake_clean_cache': False, 'cmake_clean_first': False, 'cmake_force_configure': False, 'cmake_target': None, 'cmake_target_skip_unavailable': False, 'install_base': '/home/user/ros2_ws/install/my_robot_gazebo', 'merge_install': False, 'path': '/home/user/ros2_ws/src/repository/my_robot_gazebo', 'symlink_install': False, 'test_result_base': None}
[0.521s] Level 5:colcon.colcon_core.verb:set package 'my_robot_motion' build argument 'cmake_args' from command line to 'None'
[0.521s] Level 5:colcon.colcon_core.verb:set package 'my_robot_motion' build argument 'cmake_target' from command line to 'None'
[0.521s] Level 5:colcon.colcon_core.verb:set package 'my_robot_motion' build argument 'cmake_target_skip_unavailable' from command line to 'False'
[0.521s] Level 5:colcon.colcon_core.verb:set package 'my_robot_motion' build argument 'cmake_clean_cache' from command line to 'False'
[0.521s] Level 5:colcon.colcon_core.verb:set package 'my_robot_motion' build argument 'cmake_clean_first' from command line to 'False'
[0.521s] Level 5:colcon.colcon_core.verb:set package 'my_robot_motion' build argument 'cmake_force_configure' from command line to 'False'
[0.521s] Level 5:colcon.colcon_core.verb:set package 'my_robot_motion' build argument 'ament_cmake_args' from command line to 'None'
[0.521s] Level 5:colcon.colcon_core.verb:set package 'my_robot_motion' build argument 'catkin_cmake_args' from command line to 'None'
[0.521s] Level 5:colcon.colcon_core.verb:set package 'my_robot_motion' build argument 'catkin_skip_building_tests' from command line to 'False'
[0.521s] DEBUG:colcon.colcon_core.verb:Building package 'my_robot_motion' with the following arguments: {'ament_cmake_args': None, 'build_base': '/home/user/ros2_ws/build/my_robot_motion', 'catkin_cmake_args': None, 'catkin_skip_building_tests': False, 'cmake_args': None, 'cmake_clean_cache': False, 'cmake_clean_first': False, 'cmake_force_configure': False, 'cmake_target': None, 'cmake_target_skip_unavailable': False, 'install_base': '/home/user/ros2_ws/install/my_robot_motion', 'merge_install': False, 'path': '/home/user/ros2_ws/src/repository/my_robot_motion', 'symlink_install': False, 'test_result_base': None}
[0.522s] Level 5:colcon.colcon_core.verb:set package 'arm_moveit_config' build argument 'cmake_args' from command line to 'None'
[0.522s] Level 5:colcon.colcon_core.verb:set package 'arm_moveit_config' build argument 'cmake_target' from command line to 'None'
[0.522s] Level 5:colcon.colcon_core.verb:set package 'arm_moveit_config' build argument 'cmake_target_skip_unavailable' from command line to 'False'
[0.522s] Level 5:colcon.colcon_core.verb:set package 'arm_moveit_config' build argument 'cmake_clean_cache' from command line to 'False'
[0.522s] Level 5:colcon.colcon_core.verb:set package 'arm_moveit_config' build argument 'cmake_clean_first' from command line to 'False'
[0.522s] Level 5:colcon.colcon_core.verb:set package 'arm_moveit_config' build argument 'cmake_force_configure' from command line to 'False'
[0.522s] Level 5:colcon.colcon_core.verb:set package 'arm_moveit_config' build argument 'ament_cmake_args' from command line to 'None'
[0.522s] Level 5:colcon.colcon_core.verb:set package 'arm_moveit_config' build argument 'catkin_cmake_args' from command line to 'None'
[0.522s] Level 5:colcon.colcon_core.verb:set package 'arm_moveit_config' build argument 'catkin_skip_building_tests' from command line to 'False'
[0.522s] DEBUG:colcon.colcon_core.verb:Building package 'arm_moveit_config' with the following arguments: {'ament_cmake_args': None, 'build_base': '/home/user/ros2_ws/build/arm_moveit_config', 'catkin_cmake_args': None, 'catkin_skip_building_tests': False, 'cmake_args': None, 'cmake_clean_cache': False, 'cmake_clean_first': False, 'cmake_force_configure': False, 'cmake_target': None, 'cmake_target_skip_unavailable': False, 'install_base': '/home/user/ros2_ws/install/arm_moveit_config', 'merge_install': False, 'path': '/home/user/ros2_ws/src/repository/arm_moveit_config', 'symlink_install': False, 'test_result_base': None}
[0.522s] INFO:colcon.colcon_core.executor:Executing jobs using 'parallel' executor
[0.523s] DEBUG:colcon.colcon_parallel_executor.executor.parallel:run_until_complete
[0.523s] INFO:colcon.colcon_ros.task.ament_cmake.build:Building ROS package in '/home/user/ros2_ws/src/repository/my_robot_description' with build type 'ament_cmake'
[0.524s] INFO:colcon.colcon_cmake.task.cmake.build:Building CMake package in '/home/user/ros2_ws/src/repository/my_robot_description'
[0.527s] INFO:colcon.colcon_core.plugin_system:Skipping extension 'colcon_core.shell.bat': Not used on non-Windows systems
[0.527s] INFO:colcon.colcon_core.shell:Skip shell extension 'powershell' for command environment: Not usable outside of PowerShell
[0.527s] DEBUG:colcon.colcon_core.shell:Skip shell extension 'dsv' for command environment
[0.537s] INFO:colcon.colcon_ros.task.ament_cmake.build:Building ROS package in '/home/user/ros2_ws/src/repository/my_robot_gazebo' with build type 'ament_cmake'
[0.537s] INFO:colcon.colcon_cmake.task.cmake.build:Building CMake package in '/home/user/ros2_ws/src/repository/my_robot_gazebo'
[0.537s] INFO:colcon.colcon_core.shell:Skip shell extension 'powershell' for command environment: Not usable outside of PowerShell
[0.537s] DEBUG:colcon.colcon_core.shell:Skip shell extension 'dsv' for command environment
[0.546s] INFO:colcon.colcon_ros.task.ament_python.build:Building ROS package in '/home/user/ros2_ws/src/repository/my_robot_motion' with build type 'ament_python'
[0.546s] Level 1:colcon.colcon_core.shell:create_environment_hook('my_robot_motion', 'ament_prefix_path')
[0.546s] INFO:colcon.colcon_core.shell:Creating environment hook '/home/user/ros2_ws/install/my_robot_motion/share/my_robot_motion/hook/ament_prefix_path.ps1'
[0.548s] INFO:colcon.colcon_core.shell:Creating environment descriptor '/home/user/ros2_ws/install/my_robot_motion/share/my_robot_motion/hook/ament_prefix_path.dsv'
[0.549s] INFO:colcon.colcon_core.shell:Creating environment hook '/home/user/ros2_ws/install/my_robot_motion/share/my_robot_motion/hook/ament_prefix_path.sh'
[0.550s] INFO:colcon.colcon_core.shell:Skip shell extension 'powershell' for command environment: Not usable outside of PowerShell
[0.551s] DEBUG:colcon.colcon_core.shell:Skip shell extension 'dsv' for command environment
[0.591s] DEBUG:colcon.colcon_core.event_handler.log_command:Invoking command in '/home/user/ros2_ws/build/my_robot_description': CMAKE_PREFIX_PATH=${CMAKE_PREFIX_PATH}:/home/user/ros2_ws/install/my_robot_motion:/opt/ros/jazzy DEBUGINFOD_URLS=https://debuginfod.ubuntu.com /usr/bin/cmake --build /home/user/ros2_ws/build/my_robot_description -- -j4 -l4
[0.597s] DEBUG:colcon.colcon_core.event_handler.log_command:Invoking command in '/home/user/ros2_ws/build/my_robot_gazebo': CMAKE_PREFIX_PATH=${CMAKE_PREFIX_PATH}:/home/user/ros2_ws/install/my_robot_motion:/opt/ros/jazzy DEBUGINFOD_URLS=https://debuginfod.ubuntu.com /usr/bin/cmake --build /home/user/ros2_ws/build/my_robot_gazebo -- -j4 -l4
[1.042s] INFO:colcon.colcon_core.task.python.build:Building Python package in '/home/user/ros2_ws/src/repository/my_robot_motion'
[1.042s] INFO:colcon.colcon_core.shell:Skip shell extension 'powershell' for command environment: Not usable outside of PowerShell
[1.042s] DEBUG:colcon.colcon_core.shell:Skip shell extension 'dsv' for command environment
[1.054s] DEBUG:colcon.colcon_core.event_handler.log_command:Invoked command in '/home/user/ros2_ws/build/my_robot_description' returned '0': CMAKE_PREFIX_PATH=${CMAKE_PREFIX_PATH}:/home/user/ros2_ws/install/my_robot_motion:/opt/ros/jazzy DEBUGINFOD_URLS=https://debuginfod.ubuntu.com /usr/bin/cmake --build /home/user/ros2_ws/build/my_robot_description -- -j4 -l4
[1.068s] DEBUG:colcon.colcon_core.event_handler.log_command:Invoking command in '/home/user/ros2_ws/build/my_robot_description': CMAKE_PREFIX_PATH=${CMAKE_PREFIX_PATH}:/home/user/ros2_ws/install/my_robot_motion:/opt/ros/jazzy DEBUGINFOD_URLS=https://debuginfod.ubuntu.com /usr/bin/cmake --install /home/user/ros2_ws/build/my_robot_description
[1.069s] DEBUG:colcon.colcon_core.event_handler.log_command:Invoked command in '/home/user/ros2_ws/build/my_robot_gazebo' returned '0': CMAKE_PREFIX_PATH=${CMAKE_PREFIX_PATH}:/home/user/ros2_ws/install/my_robot_motion:/opt/ros/jazzy DEBUGINFOD_URLS=https://debuginfod.ubuntu.com /usr/bin/cmake --build /home/user/ros2_ws/build/my_robot_gazebo -- -j4 -l4
[1.072s] DEBUG:colcon.colcon_core.event_handler.log_command:Invoking command in '/home/user/ros2_ws/build/my_robot_gazebo': CMAKE_PREFIX_PATH=${CMAKE_PREFIX_PATH}:/home/user/ros2_ws/install/my_robot_motion:/opt/ros/jazzy DEBUGINFOD_URLS=https://debuginfod.ubuntu.com /usr/bin/cmake --install /home/user/ros2_ws/build/my_robot_gazebo
[1.099s] Level 1:colcon.colcon_core.environment:create_environment_scripts_only(my_robot_gazebo)
[1.104s] DEBUG:colcon.colcon_core.event_handler.log_command:Invoked command in '/home/user/ros2_ws/build/my_robot_gazebo' returned '0': CMAKE_PREFIX_PATH=${CMAKE_PREFIX_PATH}:/home/user/ros2_ws/install/my_robot_motion:/opt/ros/jazzy DEBUGINFOD_URLS=https://debuginfod.ubuntu.com /usr/bin/cmake --install /home/user/ros2_ws/build/my_robot_gazebo
[1.107s] Level 1:colcon.colcon_core.environment:checking '/home/user/ros2_ws/install/my_robot_gazebo' for CMake module files
[1.110s] Level 1:colcon.colcon_core.environment:checking '/home/user/ros2_ws/install/my_robot_gazebo' for CMake config files
[1.111s] Level 1:colcon.colcon_core.shell:create_environment_hook('my_robot_gazebo', 'cmake_prefix_path')
[1.112s] INFO:colcon.colcon_core.shell:Creating environment hook '/home/user/ros2_ws/install/my_robot_gazebo/share/my_robot_gazebo/hook/cmake_prefix_path.ps1'
[1.113s] INFO:colcon.colcon_core.shell:Creating environment descriptor '/home/user/ros2_ws/install/my_robot_gazebo/share/my_robot_gazebo/hook/cmake_prefix_path.dsv'
[1.114s] INFO:colcon.colcon_core.shell:Creating environment hook '/home/user/ros2_ws/install/my_robot_gazebo/share/my_robot_gazebo/hook/cmake_prefix_path.sh'
[1.116s] Level 1:colcon.colcon_core.environment:checking '/home/user/ros2_ws/install/my_robot_gazebo/bin'
[1.116s] Level 1:colcon.colcon_core.environment:checking '/home/user/ros2_ws/install/my_robot_gazebo/lib/pkgconfig/my_robot_gazebo.pc'
[1.117s] Level 1:colcon.colcon_core.environment:checking '/home/user/ros2_ws/install/my_robot_gazebo/lib/python3.12/site-packages'
[1.118s] Level 1:colcon.colcon_core.environment:checking '/home/user/ros2_ws/install/my_robot_gazebo/bin'
[1.119s] INFO:colcon.colcon_core.shell:Creating package script '/home/user/ros2_ws/install/my_robot_gazebo/share/my_robot_gazebo/package.ps1'
[1.123s] INFO:colcon.colcon_core.shell:Creating package descriptor '/home/user/ros2_ws/install/my_robot_gazebo/share/my_robot_gazebo/package.dsv'
[1.126s] INFO:colcon.colcon_core.shell:Creating package script '/home/user/ros2_ws/install/my_robot_gazebo/share/my_robot_gazebo/package.sh'
[1.127s] INFO:colcon.colcon_core.shell:Creating package script '/home/user/ros2_ws/install/my_robot_gazebo/share/my_robot_gazebo/package.bash'
[1.129s] INFO:colcon.colcon_core.shell:Creating package script '/home/user/ros2_ws/install/my_robot_gazebo/share/my_robot_gazebo/package.zsh'
[1.130s] Level 1:colcon.colcon_core.environment:create_file_with_runtime_dependencies(/home/user/ros2_ws/install/my_robot_gazebo/share/colcon-core/packages/my_robot_gazebo)
[1.132s] Level 1:colcon.colcon_core.environment:create_environment_scripts_only(my_robot_gazebo)
[1.132s] Level 1:colcon.colcon_core.environment:checking '/home/user/ros2_ws/install/my_robot_gazebo' for CMake module files
[1.133s] Level 1:colcon.colcon_core.environment:checking '/home/user/ros2_ws/install/my_robot_gazebo' for CMake config files
[1.133s] Level 1:colcon.colcon_core.shell:create_environment_hook('my_robot_gazebo', 'cmake_prefix_path')
[1.133s] INFO:colcon.colcon_core.shell:Creating environment hook '/home/user/ros2_ws/install/my_robot_gazebo/share/my_robot_gazebo/hook/cmake_prefix_path.ps1'
[1.147s] INFO:colcon.colcon_core.shell:Creating environment descriptor '/home/user/ros2_ws/install/my_robot_gazebo/share/my_robot_gazebo/hook/cmake_prefix_path.dsv'
[1.159s] INFO:colcon.colcon_core.shell:Creating environment hook '/home/user/ros2_ws/install/my_robot_gazebo/share/my_robot_gazebo/hook/cmake_prefix_path.sh'
[1.163s] Level 1:colcon.colcon_core.environment:checking '/home/user/ros2_ws/install/my_robot_gazebo/bin'
[1.163s] Level 1:colcon.colcon_core.environment:checking '/home/user/ros2_ws/install/my_robot_gazebo/lib/pkgconfig/my_robot_gazebo.pc'
[1.164s] Level 1:colcon.colcon_core.environment:checking '/home/user/ros2_ws/install/my_robot_gazebo/lib/python3.12/site-packages'
[1.164s] Level 1:colcon.colcon_core.environment:checking '/home/user/ros2_ws/install/my_robot_gazebo/bin'
[1.165s] INFO:colcon.colcon_core.shell:Creating package script '/home/user/ros2_ws/install/my_robot_gazebo/share/my_robot_gazebo/package.ps1'
[1.166s] INFO:colcon.colcon_core.shell:Creating package descriptor '/home/user/ros2_ws/install/my_robot_gazebo/share/my_robot_gazebo/package.dsv'
[1.167s] INFO:colcon.colcon_core.shell:Creating package script '/home/user/ros2_ws/install/my_robot_gazebo/share/my_robot_gazebo/package.sh'
[1.167s] INFO:colcon.colcon_core.shell:Creating package script '/home/user/ros2_ws/install/my_robot_gazebo/share/my_robot_gazebo/package.bash'
[1.178s] INFO:colcon.colcon_core.shell:Creating package script '/home/user/ros2_ws/install/my_robot_gazebo/share/my_robot_gazebo/package.zsh'
[1.181s] Level 1:colcon.colcon_core.environment:create_file_with_runtime_dependencies(/home/user/ros2_ws/install/my_robot_gazebo/share/colcon-core/packages/my_robot_gazebo)
[1.182s] Level 1:colcon.colcon_core.environment:create_environment_scripts_only(my_robot_description)
[1.183s] DEBUG:colcon.colcon_core.event_handler.log_command:Invoked command in '/home/user/ros2_ws/build/my_robot_description' returned '0': CMAKE_PREFIX_PATH=${CMAKE_PREFIX_PATH}:/home/user/ros2_ws/install/my_robot_motion:/opt/ros/jazzy DEBUGINFOD_URLS=https://debuginfod.ubuntu.com /usr/bin/cmake --install /home/user/ros2_ws/build/my_robot_description
[1.183s] Level 1:colcon.colcon_core.environment:checking '/home/user/ros2_ws/install/my_robot_description' for CMake module files
[1.184s] Level 1:colcon.colcon_core.environment:checking '/home/user/ros2_ws/install/my_robot_description' for CMake config files
[1.184s] Level 1:colcon.colcon_core.shell:create_environment_hook('my_robot_description', 'cmake_prefix_path')
[1.184s] INFO:colcon.colcon_core.shell:Creating environment hook '/home/user/ros2_ws/install/my_robot_description/share/my_robot_description/hook/cmake_prefix_path.ps1'
[1.185s] INFO:colcon.colcon_core.shell:Creating environment descriptor '/home/user/ros2_ws/install/my_robot_description/share/my_robot_description/hook/cmake_prefix_path.dsv'
[1.185s] INFO:colcon.colcon_core.shell:Creating environment hook '/home/user/ros2_ws/install/my_robot_description/share/my_robot_description/hook/cmake_prefix_path.sh'
[1.186s] Level 1:colcon.colcon_core.environment:checking '/home/user/ros2_ws/install/my_robot_description/bin'
[1.186s] Level 1:colcon.colcon_core.environment:checking '/home/user/ros2_ws/install/my_robot_description/lib/pkgconfig/my_robot_description.pc'
[1.186s] Level 1:colcon.colcon_core.environment:checking '/home/user/ros2_ws/install/my_robot_description/lib/python3.12/site-packages'
[1.187s] Level 1:colcon.colcon_core.environment:checking '/home/user/ros2_ws/install/my_robot_description/bin'
[1.187s] INFO:colcon.colcon_core.shell:Creating package script '/home/user/ros2_ws/install/my_robot_description/share/my_robot_description/package.ps1'
[1.188s] INFO:colcon.colcon_core.shell:Creating package descriptor '/home/user/ros2_ws/install/my_robot_description/share/my_robot_description/package.dsv'
[1.189s] INFO:colcon.colcon_core.shell:Creating package script '/home/user/ros2_ws/install/my_robot_description/share/my_robot_description/package.sh'
[1.189s] INFO:colcon.colcon_core.shell:Creating package script '/home/user/ros2_ws/install/my_robot_description/share/my_robot_description/package.bash'
[1.190s] INFO:colcon.colcon_core.shell:Creating package script '/home/user/ros2_ws/install/my_robot_description/share/my_robot_description/package.zsh'
[1.190s] Level 1:colcon.colcon_core.environment:create_file_with_runtime_dependencies(/home/user/ros2_ws/install/my_robot_description/share/colcon-core/packages/my_robot_description)
[1.191s] Level 1:colcon.colcon_core.environment:create_environment_scripts_only(my_robot_description)
[1.191s] Level 1:colcon.colcon_core.environment:checking '/home/user/ros2_ws/install/my_robot_description' for CMake module files
[1.192s] Level 1:colcon.colcon_core.environment:checking '/home/user/ros2_ws/install/my_robot_description' for CMake config files
[1.192s] Level 1:colcon.colcon_core.shell:create_environment_hook('my_robot_description', 'cmake_prefix_path')
[1.192s] INFO:colcon.colcon_core.shell:Creating environment hook '/home/user/ros2_ws/install/my_robot_description/share/my_robot_description/hook/cmake_prefix_path.ps1'
[1.193s] INFO:colcon.colcon_core.shell:Creating environment descriptor '/home/user/ros2_ws/install/my_robot_description/share/my_robot_description/hook/cmake_prefix_path.dsv'
[1.193s] INFO:colcon.colcon_core.shell:Creating environment hook '/home/user/ros2_ws/install/my_robot_description/share/my_robot_description/hook/cmake_prefix_path.sh'
[1.194s] Level 1:colcon.colcon_core.environment:checking '/home/user/ros2_ws/install/my_robot_description/bin'
[1.194s] Level 1:colcon.colcon_core.environment:checking '/home/user/ros2_ws/install/my_robot_description/lib/pkgconfig/my_robot_description.pc'
[1.195s] Level 1:colcon.colcon_core.environment:checking '/home/user/ros2_ws/install/my_robot_description/lib/python3.12/site-packages'
[1.195s] Level 1:colcon.colcon_core.environment:checking '/home/user/ros2_ws/install/my_robot_description/bin'
[1.196s] INFO:colcon.colcon_core.shell:Creating package script '/home/user/ros2_ws/install/my_robot_description/share/my_robot_description/package.ps1'
[1.196s] INFO:colcon.colcon_core.shell:Creating package descriptor '/home/user/ros2_ws/install/my_robot_description/share/my_robot_description/package.dsv'
[1.197s] INFO:colcon.colcon_core.shell:Creating package script '/home/user/ros2_ws/install/my_robot_description/share/my_robot_description/package.sh'
[1.198s] INFO:colcon.colcon_core.shell:Creating package script '/home/user/ros2_ws/install/my_robot_description/share/my_robot_description/package.bash'
[1.198s] INFO:colcon.colcon_core.shell:Creating package script '/home/user/ros2_ws/install/my_robot_description/share/my_robot_description/package.zsh'
[1.199s] Level 1:colcon.colcon_core.environment:create_file_with_runtime_dependencies(/home/user/ros2_ws/install/my_robot_description/share/colcon-core/packages/my_robot_description)
[1.199s] INFO:colcon.colcon_ros.task.ament_cmake.build:Building ROS package in '/home/user/ros2_ws/src/repository/arm_moveit_config' with build type 'ament_cmake'
[1.200s] INFO:colcon.colcon_cmake.task.cmake.build:Building CMake package in '/home/user/ros2_ws/src/repository/arm_moveit_config'
[1.200s] INFO:colcon.colcon_core.shell:Skip shell extension 'powershell' for command environment: Not usable outside of PowerShell
[1.200s] DEBUG:colcon.colcon_core.shell:Skip shell extension 'dsv' for command environment
[1.233s] DEBUG:colcon.colcon_core.event_handler.log_command:Invoking command in '/home/user/ros2_ws/build/arm_moveit_config': CMAKE_PREFIX_PATH=/home/user/ros2_ws/install/my_robot_description:/home/user/ros2_ws/install/my_robot_gazebo:/home/user/ros2_ws/install/arm_moveit_config:/opt/ros/jazzy/opt/gz_sim_vendor:/opt/ros/jazzy/opt/gz_sensors_vendor:/opt/ros/jazzy/opt/gz_physics_vendor:/opt/ros/jazzy/opt/sdformat_vendor:/opt/ros/jazzy/opt/gz_gui_vendor:/opt/ros/jazzy/opt/gz_transport_vendor:/opt/ros/jazzy/opt/gz_rendering_vendor:/opt/ros/jazzy/opt/gz_plugin_vendor:/opt/ros/jazzy/opt/gz_fuel_tools_vendor:/opt/ros/jazzy/opt/gz_msgs_vendor:/opt/ros/jazzy/opt/gz_common_vendor:/opt/ros/jazzy/opt/gz_math_vendor:/opt/ros/jazzy/opt/gz_utils_vendor:/opt/ros/jazzy/opt/gz_tools_vendor:/opt/ros/jazzy/opt/gz_ogre_next_vendor:/opt/ros/jazzy/opt/gz_dartsim_vendor:/opt/ros/jazzy/opt/gz_cmake_vendor:/home/user/ros2_ws/install/my_robot_motion:/opt/ros/jazzy DEBUGINFOD_URLS=https://debuginfod.ubuntu.com /usr/bin/cmake --build /home/user/ros2_ws/build/arm_moveit_config -- -j4 -l4
[1.297s] DEBUG:colcon.colcon_core.event_handler.log_command:Invoked command in '/home/user/ros2_ws/build/arm_moveit_config' returned '0': CMAKE_PREFIX_PATH=/home/user/ros2_ws/install/my_robot_description:/home/user/ros2_ws/install/my_robot_gazebo:/home/user/ros2_ws/install/arm_moveit_config:/opt/ros/jazzy/opt/gz_sim_vendor:/opt/ros/jazzy/opt/gz_sensors_vendor:/opt/ros/jazzy/opt/gz_physics_vendor:/opt/ros/jazzy/opt/sdformat_vendor:/opt/ros/jazzy/opt/gz_gui_vendor:/opt/ros/jazzy/opt/gz_transport_vendor:/opt/ros/jazzy/opt/gz_rendering_vendor:/opt/ros/jazzy/opt/gz_plugin_vendor:/opt/ros/jazzy/opt/gz_fuel_tools_vendor:/opt/ros/jazzy/opt/gz_msgs_vendor:/opt/ros/jazzy/opt/gz_common_vendor:/opt/ros/jazzy/opt/gz_math_vendor:/opt/ros/jazzy/opt/gz_utils_vendor:/opt/ros/jazzy/opt/gz_tools_vendor:/opt/ros/jazzy/opt/gz_ogre_next_vendor:/opt/ros/jazzy/opt/gz_dartsim_vendor:/opt/ros/jazzy/opt/gz_cmake_vendor:/home/user/ros2_ws/install/my_robot_motion:/opt/ros/jazzy DEBUGINFOD_URLS=https://debuginfod.ubuntu.com /usr/bin/cmake --build /home/user/ros2_ws/build/arm_moveit_config -- -j4 -l4
[1.298s] DEBUG:colcon.colcon_core.event_handler.log_command:Invoking command in '/home/user/ros2_ws/build/arm_moveit_config': CMAKE_PREFIX_PATH=/home/user/ros2_ws/install/my_robot_description:/home/user/ros2_ws/install/my_robot_gazebo:/home/user/ros2_ws/install/arm_moveit_config:/opt/ros/jazzy/opt/gz_sim_vendor:/opt/ros/jazzy/opt/gz_sensors_vendor:/opt/ros/jazzy/opt/gz_physics_vendor:/opt/ros/jazzy/opt/sdformat_vendor:/opt/ros/jazzy/opt/gz_gui_vendor:/opt/ros/jazzy/opt/gz_transport_vendor:/opt/ros/jazzy/opt/gz_rendering_vendor:/opt/ros/jazzy/opt/gz_plugin_vendor:/opt/ros/jazzy/opt/gz_fuel_tools_vendor:/opt/ros/jazzy/opt/gz_msgs_vendor:/opt/ros/jazzy/opt/gz_common_vendor:/opt/ros/jazzy/opt/gz_math_vendor:/opt/ros/jazzy/opt/gz_utils_vendor:/opt/ros/jazzy/opt/gz_tools_vendor:/opt/ros/jazzy/opt/gz_ogre_next_vendor:/opt/ros/jazzy/opt/gz_dartsim_vendor:/opt/ros/jazzy/opt/gz_cmake_vendor:/home/user/ros2_ws/install/my_robot_motion:/opt/ros/jazzy DEBUGINFOD_URLS=https://debuginfod.ubuntu.com /usr/bin/cmake --install /home/user/ros2_ws/build/arm_moveit_config
[1.336s] Level 1:colcon.colcon_core.environment:create_environment_scripts_only(arm_moveit_config)
[1.336s] Level 1:colcon.colcon_core.environment:checking '/home/user/ros2_ws/install/arm_moveit_config' for CMake module files
[1.339s] DEBUG:colcon.colcon_core.event_handler.log_command:Invoked command in '/home/user/ros2_ws/build/arm_moveit_config' returned '0': CMAKE_PREFIX_PATH=/home/user/ros2_ws/install/my_robot_description:/home/user/ros2_ws/install/my_robot_gazebo:/home/user/ros2_ws/install/arm_moveit_config:/opt/ros/jazzy/opt/gz_sim_vendor:/opt/ros/jazzy/opt/gz_sensors_vendor:/opt/ros/jazzy/opt/gz_physics_vendor:/opt/ros/jazzy/opt/sdformat_vendor:/opt/ros/jazzy/opt/gz_gui_vendor:/opt/ros/jazzy/opt/gz_transport_vendor:/opt/ros/jazzy/opt/gz_rendering_vendor:/opt/ros/jazzy/opt/gz_plugin_vendor:/opt/ros/jazzy/opt/gz_fuel_tools_vendor:/opt/ros/jazzy/opt/gz_msgs_vendor:/opt/ros/jazzy/opt/gz_common_vendor:/opt/ros/jazzy/opt/gz_math_vendor:/opt/ros/jazzy/opt/gz_utils_vendor:/opt/ros/jazzy/opt/gz_tools_vendor:/opt/ros/jazzy/opt/gz_ogre_next_vendor:/opt/ros/jazzy/opt/gz_dartsim_vendor:/opt/ros/jazzy/opt/gz_cmake_vendor:/home/user/ros2_ws/install/my_robot_motion:/opt/ros/jazzy DEBUGINFOD_URLS=https://debuginfod.ubuntu.com /usr/bin/cmake --install /home/user/ros2_ws/build/arm_moveit_config
[1.339s] Level 1:colcon.colcon_core.environment:checking '/home/user/ros2_ws/install/arm_moveit_config' for CMake config files
[1.339s] Level 1:colcon.colcon_core.shell:create_environment_hook('arm_moveit_config', 'cmake_prefix_path')
[1.339s] INFO:colcon.colcon_core.shell:Creating environment hook '/home/user/ros2_ws/install/arm_moveit_config/share/arm_moveit_config/hook/cmake_prefix_path.ps1'
[1.340s] INFO:colcon.colcon_core.shell:Creating environment descriptor '/home/user/ros2_ws/install/arm_moveit_config/share/arm_moveit_config/hook/cmake_prefix_path.dsv'
[1.340s] INFO:colcon.colcon_core.shell:Creating environment hook '/home/user/ros2_ws/install/arm_moveit_config/share/arm_moveit_config/hook/cmake_prefix_path.sh'
[1.341s] Level 1:colcon.colcon_core.environment:checking '/home/user/ros2_ws/install/arm_moveit_config/bin'
[1.341s] Level 1:colcon.colcon_core.environment:checking '/home/user/ros2_ws/install/arm_moveit_config/lib/pkgconfig/arm_moveit_config.pc'
[1.342s] Level 1:colcon.colcon_core.environment:checking '/home/user/ros2_ws/install/arm_moveit_config/lib/python3.12/site-packages'
[1.342s] Level 1:colcon.colcon_core.environment:checking '/home/user/ros2_ws/install/arm_moveit_config/bin'
[1.343s] INFO:colcon.colcon_core.shell:Creating package script '/home/user/ros2_ws/install/arm_moveit_config/share/arm_moveit_config/package.ps1'
[1.343s] INFO:colcon.colcon_core.shell:Creating package descriptor '/home/user/ros2_ws/install/arm_moveit_config/share/arm_moveit_config/package.dsv'
[1.345s] INFO:colcon.colcon_core.shell:Creating package script '/home/user/ros2_ws/install/arm_moveit_config/share/arm_moveit_config/package.sh'
[1.347s] INFO:colcon.colcon_core.shell:Creating package script '/home/user/ros2_ws/install/arm_moveit_config/share/arm_moveit_config/package.bash'
[1.349s] INFO:colcon.colcon_core.shell:Creating package script '/home/user/ros2_ws/install/arm_moveit_config/share/arm_moveit_config/package.zsh'
[1.354s] Level 1:colcon.colcon_core.environment:create_file_with_runtime_dependencies(/home/user/ros2_ws/install/arm_moveit_config/share/colcon-core/packages/arm_moveit_config)
[1.355s] Level 1:colcon.colcon_core.environment:create_environment_scripts_only(arm_moveit_config)
[1.355s] Level 1:colcon.colcon_core.environment:checking '/home/user/ros2_ws/install/arm_moveit_config' for CMake module files
[1.356s] Level 1:colcon.colcon_core.environment:checking '/home/user/ros2_ws/install/arm_moveit_config' for CMake config files
[1.356s] Level 1:colcon.colcon_core.shell:create_environment_hook('arm_moveit_config', 'cmake_prefix_path')
[1.357s] INFO:colcon.colcon_core.shell:Creating environment hook '/home/user/ros2_ws/install/arm_moveit_config/share/arm_moveit_config/hook/cmake_prefix_path.ps1'
[1.358s] INFO:colcon.colcon_core.shell:Creating environment descriptor '/home/user/ros2_ws/install/arm_moveit_config/share/arm_moveit_config/hook/cmake_prefix_path.dsv'
[1.359s] INFO:colcon.colcon_core.shell:Creating environment hook '/home/user/ros2_ws/install/arm_moveit_config/share/arm_moveit_config/hook/cmake_prefix_path.sh'
[1.361s] Level 1:colcon.colcon_core.environment:checking '/home/user/ros2_ws/install/arm_moveit_config/bin'
[1.361s] Level 1:colcon.colcon_core.environment:checking '/home/user/ros2_ws/install/arm_moveit_config/lib/pkgconfig/arm_moveit_config.pc'
[1.361s] Level 1:colcon.colcon_core.environment:checking '/home/user/ros2_ws/install/arm_moveit_config/lib/python3.12/site-packages'
[1.363s] Level 1:colcon.colcon_core.environment:checking '/home/user/ros2_ws/install/arm_moveit_config/bin'
[1.364s] INFO:colcon.colcon_core.shell:Creating package script '/home/user/ros2_ws/install/arm_moveit_config/share/arm_moveit_config/package.ps1'
[1.366s] INFO:colcon.colcon_core.shell:Creating package descriptor '/home/user/ros2_ws/install/arm_moveit_config/share/arm_moveit_config/package.dsv'
[1.368s] INFO:colcon.colcon_core.shell:Creating package script '/home/user/ros2_ws/install/arm_moveit_config/share/arm_moveit_config/package.sh'
[1.372s] INFO:colcon.colcon_core.shell:Creating package script '/home/user/ros2_ws/install/arm_moveit_config/share/arm_moveit_config/package.bash'
[1.374s] INFO:colcon.colcon_core.shell:Creating package script '/home/user/ros2_ws/install/arm_moveit_config/share/arm_moveit_config/package.zsh'
[1.375s] Level 1:colcon.colcon_core.environment:create_file_with_runtime_dependencies(/home/user/ros2_ws/install/arm_moveit_config/share/colcon-core/packages/arm_moveit_config)
[2.303s] DEBUG:colcon.colcon_core.event_handler.log_command:Invoking command in '/home/user/ros2_ws/src/repository/my_robot_motion': DEBUGINFOD_URLS=https://debuginfod.ubuntu.com PYTHONPATH=/home/user/ros2_ws/build/my_robot_motion/prefix_override:/usr/lib/python3/dist-packages/colcon_core/task/python/colcon_distutils_commands:/home/user/ros2_ws/install/my_robot_motion/lib/python3.12/site-packages:${PYTHONPATH} /usr/bin/python3 -W ignore:setup.py install is deprecated -W ignore:easy_install command is deprecated setup.py egg_info --egg-base ../../../build/my_robot_motion build --build-base /home/user/ros2_ws/build/my_robot_motion/build install --record /home/user/ros2_ws/build/my_robot_motion/install.log --single-version-externally-managed install_data
[3.428s] Level 1:colcon.colcon_core.environment:checking '/home/user/ros2_ws/install/my_robot_motion' for CMake module files
[3.429s] Level 1:colcon.colcon_core.environment:checking '/home/user/ros2_ws/install/my_robot_motion' for CMake config files
[3.429s] DEBUG:colcon.colcon_core.event_handler.log_command:Invoked command in '/home/user/ros2_ws/src/repository/my_robot_motion' returned '0': DEBUGINFOD_URLS=https://debuginfod.ubuntu.com PYTHONPATH=/home/user/ros2_ws/build/my_robot_motion/prefix_override:/usr/lib/python3/dist-packages/colcon_core/task/python/colcon_distutils_commands:/home/user/ros2_ws/install/my_robot_motion/lib/python3.12/site-packages:${PYTHONPATH} /usr/bin/python3 -W ignore:setup.py install is deprecated -W ignore:easy_install command is deprecated setup.py egg_info --egg-base ../../../build/my_robot_motion build --build-base /home/user/ros2_ws/build/my_robot_motion/build install --record /home/user/ros2_ws/build/my_robot_motion/install.log --single-version-externally-managed install_data
[3.431s] Level 1:colcon.colcon_core.environment:checking '/home/user/ros2_ws/install/my_robot_motion/lib'
[3.431s] Level 1:colcon.colcon_core.environment:checking '/home/user/ros2_ws/install/my_robot_motion/bin'
[3.431s] Level 1:colcon.colcon_core.environment:checking '/home/user/ros2_ws/install/my_robot_motion/lib/pkgconfig/my_robot_motion.pc'
[3.431s] Level 1:colcon.colcon_core.environment:checking '/home/user/ros2_ws/install/my_robot_motion/lib/python3.12/site-packages'
[3.432s] Level 1:colcon.colcon_core.shell:create_environment_hook('my_robot_motion', 'pythonpath')
[3.432s] INFO:colcon.colcon_core.shell:Creating environment hook '/home/user/ros2_ws/install/my_robot_motion/share/my_robot_motion/hook/pythonpath.ps1'
[3.433s] INFO:colcon.colcon_core.shell:Creating environment descriptor '/home/user/ros2_ws/install/my_robot_motion/share/my_robot_motion/hook/pythonpath.dsv'
[3.434s] INFO:colcon.colcon_core.shell:Creating environment hook '/home/user/ros2_ws/install/my_robot_motion/share/my_robot_motion/hook/pythonpath.sh'
[3.435s] Level 1:colcon.colcon_core.environment:checking '/home/user/ros2_ws/install/my_robot_motion/bin'
[3.435s] Level 1:colcon.colcon_core.environment:create_environment_scripts_only(my_robot_motion)
[3.435s] INFO:colcon.colcon_core.shell:Creating package script '/home/user/ros2_ws/install/my_robot_motion/share/my_robot_motion/package.ps1'
[3.436s] INFO:colcon.colcon_core.shell:Creating package descriptor '/home/user/ros2_ws/install/my_robot_motion/share/my_robot_motion/package.dsv'
[3.437s] INFO:colcon.colcon_core.shell:Creating package script '/home/user/ros2_ws/install/my_robot_motion/share/my_robot_motion/package.sh'
[3.438s] INFO:colcon.colcon_core.shell:Creating package script '/home/user/ros2_ws/install/my_robot_motion/share/my_robot_motion/package.bash'
[3.439s] INFO:colcon.colcon_core.shell:Creating package script '/home/user/ros2_ws/install/my_robot_motion/share/my_robot_motion/package.zsh'
[3.439s] Level 1:colcon.colcon_core.environment:create_file_with_runtime_dependencies(/home/user/ros2_ws/install/my_robot_motion/share/colcon-core/packages/my_robot_motion)
[3.440s] DEBUG:colcon.colcon_parallel_executor.executor.parallel:closing loop
[3.440s] DEBUG:colcon.colcon_parallel_executor.executor.parallel:loop closed
[3.440s] DEBUG:colcon.colcon_parallel_executor.executor.parallel:run_until_complete finished with '0'
[3.440s] DEBUG:colcon.colcon_core.event_reactor:joining thread
[3.451s] INFO:colcon.colcon_core.plugin_system:Skipping extension 'colcon_notification.desktop_notification.terminal_notifier': Not used on non-Darwin systems
[3.451s] INFO:colcon.colcon_core.plugin_system:Skipping extension 'colcon_notification.desktop_notification.win32': Not used on non-Windows systems
[3.451s] INFO:colcon.colcon_notification.desktop_notification:Sending desktop notification using 'notify2'
[3.479s] DEBUG:colcon.colcon_core.event_reactor:joined thread
[3.479s] INFO:colcon.colcon_core.shell:Creating prefix script '/home/user/ros2_ws/install/local_setup.ps1'
[3.481s] INFO:colcon.colcon_core.shell:Creating prefix util module '/home/user/ros2_ws/install/_local_setup_util_ps1.py'
[3.483s] INFO:colcon.colcon_core.shell:Creating prefix chain script '/home/user/ros2_ws/install/setup.ps1'
[3.485s] INFO:colcon.colcon_core.shell:Creating prefix script '/home/user/ros2_ws/install/local_setup.sh'
[3.486s] INFO:colcon.colcon_core.shell:Creating prefix util module '/home/user/ros2_ws/install/_local_setup_util_sh.py'
[3.487s] INFO:colcon.colcon_core.shell:Creating prefix chain script '/home/user/ros2_ws/install/setup.sh'
[3.490s] INFO:colcon.colcon_core.shell:Creating prefix script '/home/user/ros2_ws/install/local_setup.bash'
[3.493s] INFO:colcon.colcon_core.shell:Creating prefix chain script '/home/user/ros2_ws/install/setup.bash'
[3.495s] INFO:colcon.colcon_core.shell:Creating prefix script '/home/user/ros2_ws/install/local_setup.zsh'
[3.495s] INFO:colcon.colcon_core.shell:Creating prefix chain script '/home/user/ros2_ws/install/setup.zsh'
