[0.069s] Invoking command in '/home/user/ros2_ws/build/my_robot_gazebo': CMAKE_PREFIX_PATH=${CMAKE_PREFIX_PATH}:/home/user/ros2_ws/install/my_robot_motion:/opt/ros/jazzy DEBUGINFOD_URLS=https://debuginfod.ubuntu.com /usr/bin/cmake --build /home/user/ros2_ws/build/my_robot_gazebo -- -j4 -l4
[0.518s] Invoked command in '/home/user/ros2_ws/build/my_robot_gazebo' returned '0': CMAKE_PREFIX_PATH=${CMAKE_PREFIX_PATH}:/home/user/ros2_ws/install/my_robot_motion:/opt/ros/jazzy DEBUGINFOD_URLS=https://debuginfod.ubuntu.com /usr/bin/cmake --build /home/user/ros2_ws/build/my_robot_gazebo -- -j4 -l4
[0.520s] Invoking command in '/home/user/ros2_ws/build/my_robot_gazebo': CMAKE_PREFIX_PATH=${CMAKE_PREFIX_PATH}:/home/user/ros2_ws/install/my_robot_motion:/opt/ros/jazzy DEBUGINFOD_URLS=https://debuginfod.ubuntu.com /usr/bin/cmake --install /home/user/ros2_ws/build/my_robot_gazebo
[0.530s] -- Install configuration: ""
[0.530s] -- Up-to-date: /home/user/ros2_ws/install/my_robot_gazebo/share/my_robot_gazebo/launch
[0.532s] -- Installing: /home/user/ros2_ws/install/my_robot_gazebo/share/my_robot_gazebo/launch/spawn_robot.launch.xml
[0.532s] -- Up-to-date: /home/user/ros2_ws/install/my_robot_gazebo/share/my_robot_gazebo/launch/start_simulator.launch.xml
[0.533s] -- Installing: /home/user/ros2_ws/install/my_robot_gazebo/share/my_robot_gazebo/launch/start_moveit.launch.py
[0.533s] -- Up-to-date: /home/user/ros2_ws/install/my_robot_gazebo/share/my_robot_gazebo/config
[0.533s] -- Up-to-date: /home/user/ros2_ws/install/my_robot_gazebo/share/my_robot_gazebo/config/gz_bridge.yaml
[0.533s] -- Up-to-date: /home/user/ros2_ws/install/my_robot_gazebo/share/my_robot_gazebo/worlds
[0.533s] -- Up-to-date: /home/user/ros2_ws/install/my_robot_gazebo/share/my_robot_gazebo/worlds/empty.sdf
[0.534s] -- Up-to-date: /home/user/ros2_ws/install/my_robot_gazebo/share/ament_index/resource_index/package_run_dependencies/my_robot_gazebo
[0.534s] -- Up-to-date: /home/user/ros2_ws/install/my_robot_gazebo/share/ament_index/resource_index/parent_prefix_path/my_robot_gazebo
[0.534s] -- Up-to-date: /home/user/ros2_ws/install/my_robot_gazebo/share/my_robot_gazebo/environment/ament_prefix_path.sh
[0.534s] -- Up-to-date: /home/user/ros2_ws/install/my_robot_gazebo/share/my_robot_gazebo/environment/ament_prefix_path.dsv
[0.534s] -- Up-to-date: /home/user/ros2_ws/install/my_robot_gazebo/share/my_robot_gazebo/environment/path.sh
[0.534s] -- Up-to-date: /home/user/ros2_ws/install/my_robot_gazebo/share/my_robot_gazebo/environment/path.dsv
[0.535s] -- Up-to-date: /home/user/ros2_ws/install/my_robot_gazebo/share/my_robot_gazebo/local_setup.bash
[0.535s] -- Up-to-date: /home/user/ros2_ws/install/my_robot_gazebo/share/my_robot_gazebo/local_setup.sh
[0.535s] -- Up-to-date: /home/user/ros2_ws/install/my_robot_gazebo/share/my_robot_gazebo/local_setup.zsh
[0.535s] -- Up-to-date: /home/user/ros2_ws/install/my_robot_gazebo/share/my_robot_gazebo/local_setup.dsv
[0.535s] -- Installing: /home/user/ros2_ws/install/my_robot_gazebo/share/my_robot_gazebo/package.dsv
[0.535s] -- Up-to-date: /home/user/ros2_ws/install/my_robot_gazebo/share/ament_index/resource_index/packages/my_robot_gazebo
[0.536s] -- Up-to-date: /home/user/ros2_ws/install/my_robot_gazebo/share/my_robot_gazebo/cmake/my_robot_gazeboConfig.cmake
[0.536s] -- Up-to-date: /home/user/ros2_ws/install/my_robot_gazebo/share/my_robot_gazebo/cmake/my_robot_gazeboConfig-version.cmake
[0.536s] -- Up-to-date: /home/user/ros2_ws/install/my_robot_gazebo/share/my_robot_gazebo/package.xml
[0.538s] Invoked command in '/home/user/ros2_ws/build/my_robot_gazebo' returned '0': CMAKE_PREFIX_PATH=${CMAKE_PREFIX_PATH}:/home/user/ros2_ws/install/my_robot_motion:/opt/ros/jazzy DEBUGINFOD_URLS=https://debuginfod.ubuntu.com /usr/bin/cmake --install /home/user/ros2_ws/build/my_robot_gazebo
