[0.020s] Invoking command in '/home/user/ros2_ws/build/my_robot_description': CMAKE_PREFIX_PATH=${CMAKE_PREFIX_PATH}:/opt/ros/jazzy DEBUGINFOD_URLS=https://debuginfod.ubuntu.com /usr/bin/cmake /home/user/ros2_ws/src/repository/my_robot_description -DCMAKE_INSTALL_PREFIX=/home/user/ros2_ws/install/my_robot_description
[0.040s] -- Found ament_cmake: 2.5.6 (/opt/ros/jazzy/share/ament_cmake/cmake)
[0.347s] -- Override CMake install command with custom implementation using symlinks instead of copying resources
[0.356s] -- Found ament_lint_auto: 0.17.5 (/opt/ros/jazzy/share/ament_lint_auto/cmake)
[0.488s] -- Added test 'lint_cmake' to check CMake code style
[0.490s] -- Added test 'xmllint' to check XML markup files
[0.491s] -- Configuring done (0.5s)
[0.495s] -- Generating done (0.0s)
[0.497s] -- Build files have been written to: /home/user/ros2_ws/build/my_robot_description
[0.501s] Invoked command in '/home/user/ros2_ws/build/my_robot_description' returned '0': CMAKE_PREFIX_PATH=${CMAKE_PREFIX_PATH}:/opt/ros/jazzy DEBUGINFOD_URLS=https://debuginfod.ubuntu.com /usr/bin/cmake /home/user/ros2_ws/src/repository/my_robot_description -DCMAKE_INSTALL_PREFIX=/home/user/ros2_ws/install/my_robot_description
[0.502s] Invoking command in '/home/user/ros2_ws/build/my_robot_description': CMAKE_PREFIX_PATH=${CMAKE_PREFIX_PATH}:/opt/ros/jazzy DEBUGINFOD_URLS=https://debuginfod.ubuntu.com /usr/bin/cmake --build /home/user/ros2_ws/build/my_robot_description -- -j4 -l4
[0.554s] Invoked command in '/home/user/ros2_ws/build/my_robot_description' returned '0': CMAKE_PREFIX_PATH=${CMAKE_PREFIX_PATH}:/opt/ros/jazzy DEBUGINFOD_URLS=https://debuginfod.ubuntu.com /usr/bin/cmake --build /home/user/ros2_ws/build/my_robot_description -- -j4 -l4
[0.567s] Invoking command in '/home/user/ros2_ws/build/my_robot_description': CMAKE_PREFIX_PATH=${CMAKE_PREFIX_PATH}:/opt/ros/jazzy DEBUGINFOD_URLS=https://debuginfod.ubuntu.com /usr/bin/cmake --install /home/user/ros2_ws/build/my_robot_description
[0.592s] -- Install configuration: ""
[0.592s] -- Execute custom install script
[0.592s] -- Symlinking: /home/user/ros2_ws/install/my_robot_description/share/my_robot_description/launch/description_test.launch.xml
[0.592s] -- Symlinking: /home/user/ros2_ws/install/my_robot_description/share/my_robot_description/urdf/my_robot.urdf
[0.599s] -- Up-to-date symlink: /home/user/ros2_ws/install/my_robot_description/share/ament_index/resource_index/package_run_dependencies/my_robot_description
[0.599s] -- Up-to-date symlink: /home/user/ros2_ws/install/my_robot_description/share/ament_index/resource_index/parent_prefix_path/my_robot_description
[0.599s] -- Up-to-date symlink: /home/user/ros2_ws/install/my_robot_description/share/my_robot_description/environment/ament_prefix_path.sh
[0.600s] -- Up-to-date symlink: /home/user/ros2_ws/install/my_robot_description/share/my_robot_description/environment/ament_prefix_path.dsv
[0.600s] -- Up-to-date symlink: /home/user/ros2_ws/install/my_robot_description/share/my_robot_description/environment/path.sh
[0.600s] -- Up-to-date symlink: /home/user/ros2_ws/install/my_robot_description/share/my_robot_description/environment/path.dsv
[0.600s] -- Up-to-date symlink: /home/user/ros2_ws/install/my_robot_description/share/my_robot_description/local_setup.bash
[0.601s] -- Up-to-date symlink: /home/user/ros2_ws/install/my_robot_description/share/my_robot_description/local_setup.sh
[0.601s] -- Up-to-date symlink: /home/user/ros2_ws/install/my_robot_description/share/my_robot_description/local_setup.zsh
[0.601s] -- Up-to-date symlink: /home/user/ros2_ws/install/my_robot_description/share/my_robot_description/local_setup.dsv
[0.601s] -- Symlinking: /home/user/ros2_ws/install/my_robot_description/share/my_robot_description/package.dsv
[0.614s] -- Up-to-date symlink: /home/user/ros2_ws/install/my_robot_description/share/ament_index/resource_index/packages/my_robot_description
[0.614s] -- Up-to-date symlink: /home/user/ros2_ws/install/my_robot_description/share/my_robot_description/cmake/my_robot_descriptionConfig.cmake
[0.614s] -- Up-to-date symlink: /home/user/ros2_ws/install/my_robot_description/share/my_robot_description/cmake/my_robot_descriptionConfig-version.cmake
[0.614s] -- Up-to-date symlink: /home/user/ros2_ws/install/my_robot_description/share/my_robot_description/package.xml
[0.616s] Invoked command in '/home/user/ros2_ws/build/my_robot_description' returned '0': CMAKE_PREFIX_PATH=${CMAKE_PREFIX_PATH}:/opt/ros/jazzy DEBUGINFOD_URLS=https://debuginfod.ubuntu.com /usr/bin/cmake --install /home/user/ros2_ws/build/my_robot_description
