[0.019s] Invoking command in '/home/user/ros2_ws/build/arm_moveit_config': CMAKE_PREFIX_PATH=${CMAKE_PREFIX_PATH}:/home/user/ros2_ws/install/my_robot_motion:/opt/ros/jazzy DEBUGINFOD_URLS=https://debuginfod.ubuntu.com /usr/bin/cmake /home/user/ros2_ws/src/repository/arm_moveit_config -DCMAKE_INSTALL_PREFIX=/home/user/ros2_ws/install/arm_moveit_config
[0.166s] -- The C compiler identification is GNU 13.3.0
[0.382s] -- The CXX compiler identification is GNU 13.3.0
[0.425s] -- Detecting C compiler ABI info
[0.553s] -- Detecting C compiler ABI info - done
[0.573s] -- Check for working C compiler: /usr/bin/cc - skipped
[0.579s] -- Detecting C compile features
[0.580s] -- Detecting C compile features - done
[0.596s] -- Detecting CXX compiler ABI info
[0.735s] -- Detecting CXX compiler ABI info - done
[0.765s] -- Check for working CXX compiler: /usr/bin/c++ - skipped
[0.765s] -- Detecting CXX compile features
[0.768s] -- Detecting CXX compile features - done
[0.783s] -- Found ament_cmake: 2.5.6 (/opt/ros/jazzy/share/ament_cmake/cmake)
[1.055s] -- Found Python3: /usr/bin/python3 (found version "3.12.3") found components: Interpreter 
[1.481s] -- Configuring done (1.5s)
[1.485s] -- Generating done (0.0s)
[1.489s] -- Build files have been written to: /home/user/ros2_ws/build/arm_moveit_config
[1.534s] Invoked command in '/home/user/ros2_ws/build/arm_moveit_config' returned '0': CMAKE_PREFIX_PATH=${CMAKE_PREFIX_PATH}:/home/user/ros2_ws/install/my_robot_motion:/opt/ros/jazzy DEBUGINFOD_URLS=https://debuginfod.ubuntu.com /usr/bin/cmake /home/user/ros2_ws/src/repository/arm_moveit_config -DCMAKE_INSTALL_PREFIX=/home/user/ros2_ws/install/arm_moveit_config
[1.536s] Invoking command in '/home/user/ros2_ws/build/arm_moveit_config': CMAKE_PREFIX_PATH=${CMAKE_PREFIX_PATH}:/home/user/ros2_ws/install/my_robot_motion:/opt/ros/jazzy DEBUGINFOD_URLS=https://debuginfod.ubuntu.com /usr/bin/cmake --build /home/user/ros2_ws/build/arm_moveit_config -- -j4 -l4
[1.615s] Invoked command in '/home/user/ros2_ws/build/arm_moveit_config' returned '0': CMAKE_PREFIX_PATH=${CMAKE_PREFIX_PATH}:/home/user/ros2_ws/install/my_robot_motion:/opt/ros/jazzy DEBUGINFOD_URLS=https://debuginfod.ubuntu.com /usr/bin/cmake --build /home/user/ros2_ws/build/arm_moveit_config -- -j4 -l4
[1.617s] Invoking command in '/home/user/ros2_ws/build/arm_moveit_config': CMAKE_PREFIX_PATH=${CMAKE_PREFIX_PATH}:/home/user/ros2_ws/install/my_robot_motion:/opt/ros/jazzy DEBUGINFOD_URLS=https://debuginfod.ubuntu.com /usr/bin/cmake --install /home/user/ros2_ws/build/arm_moveit_config
[1.627s] -- Install configuration: ""
[1.627s] -- Installing: /home/user/ros2_ws/install/arm_moveit_config/share/ament_index/resource_index/package_run_dependencies/arm_moveit_config
[1.627s] -- Installing: /home/user/ros2_ws/install/arm_moveit_config/share/ament_index/resource_index/parent_prefix_path/arm_moveit_config
[1.628s] -- Installing: /home/user/ros2_ws/install/arm_moveit_config/share/arm_moveit_config/environment/ament_prefix_path.sh
[1.628s] -- Installing: /home/user/ros2_ws/install/arm_moveit_config/share/arm_moveit_config/environment/ament_prefix_path.dsv
[1.628s] -- Installing: /home/user/ros2_ws/install/arm_moveit_config/share/arm_moveit_config/environment/path.sh
[1.628s] -- Installing: /home/user/ros2_ws/install/arm_moveit_config/share/arm_moveit_config/environment/path.dsv
[1.628s] -- Installing: /home/user/ros2_ws/install/arm_moveit_config/share/arm_moveit_config/local_setup.bash
[1.628s] -- Installing: /home/user/ros2_ws/install/arm_moveit_config/share/arm_moveit_config/local_setup.sh
[1.628s] -- Installing: /home/user/ros2_ws/install/arm_moveit_config/share/arm_moveit_config/local_setup.zsh
[1.629s] -- Installing: /home/user/ros2_ws/install/arm_moveit_config/share/arm_moveit_config/local_setup.dsv
[1.629s] -- Installing: /home/user/ros2_ws/install/arm_moveit_config/share/arm_moveit_config/package.dsv
[1.629s] -- Installing: /home/user/ros2_ws/install/arm_moveit_config/share/ament_index/resource_index/packages/arm_moveit_config
[1.629s] -- Installing: /home/user/ros2_ws/install/arm_moveit_config/share/arm_moveit_config/cmake/arm_moveit_configConfig.cmake
[1.629s] -- Installing: /home/user/ros2_ws/install/arm_moveit_config/share/arm_moveit_config/cmake/arm_moveit_configConfig-version.cmake
[1.629s] -- Installing: /home/user/ros2_ws/install/arm_moveit_config/share/arm_moveit_config/package.xml
[1.629s] -- Installing: /home/user/ros2_ws/install/arm_moveit_config/share/arm_moveit_config/launch
[1.630s] -- Installing: /home/user/ros2_ws/install/arm_moveit_config/share/arm_moveit_config/launch/moveit_rviz.launch.py
[1.630s] -- Installing: /home/user/ros2_ws/install/arm_moveit_config/share/arm_moveit_config/launch/setup_assistant.launch.py
[1.630s] -- Installing: /home/user/ros2_ws/install/arm_moveit_config/share/arm_moveit_config/launch/demo.launch.py
[1.630s] -- Installing: /home/user/ros2_ws/install/arm_moveit_config/share/arm_moveit_config/launch/static_virtual_joint_tfs.launch.py
[1.630s] -- Installing: /home/user/ros2_ws/install/arm_moveit_config/share/arm_moveit_config/launch/warehouse_db.launch.py
[1.630s] -- Installing: /home/user/ros2_ws/install/arm_moveit_config/share/arm_moveit_config/launch/spawn_controllers.launch.py
[1.631s] -- Installing: /home/user/ros2_ws/install/arm_moveit_config/share/arm_moveit_config/launch/move_group.launch.py
[1.631s] -- Installing: /home/user/ros2_ws/install/arm_moveit_config/share/arm_moveit_config/launch/rsp.launch.py
[1.631s] -- Installing: /home/user/ros2_ws/install/arm_moveit_config/share/arm_moveit_config/config
[1.631s] -- Installing: /home/user/ros2_ws/install/arm_moveit_config/share/arm_moveit_config/config/ros2_controllers.yaml
[1.631s] -- Installing: /home/user/ros2_ws/install/arm_moveit_config/share/arm_moveit_config/config/joint_limits.yaml
[1.631s] -- Installing: /home/user/ros2_ws/install/arm_moveit_config/share/arm_moveit_config/config/moveit_controllers.yaml
[1.631s] -- Installing: /home/user/ros2_ws/install/arm_moveit_config/share/arm_moveit_config/config/moveit.rviz
[1.632s] -- Installing: /home/user/ros2_ws/install/arm_moveit_config/share/arm_moveit_config/config/kinematics.yaml
[1.632s] -- Installing: /home/user/ros2_ws/install/arm_moveit_config/share/arm_moveit_config/config/my_arm.srdf
[1.632s] -- Installing: /home/user/ros2_ws/install/arm_moveit_config/share/arm_moveit_config/config/pilz_cartesian_limits.yaml
[1.632s] -- Installing: /home/user/ros2_ws/install/arm_moveit_config/share/arm_moveit_config/.setup_assistant
[1.636s] Invoked command in '/home/user/ros2_ws/build/arm_moveit_config' returned '0': CMAKE_PREFIX_PATH=${CMAKE_PREFIX_PATH}:/home/user/ros2_ws/install/my_robot_motion:/opt/ros/jazzy DEBUGINFOD_URLS=https://debuginfod.ubuntu.com /usr/bin/cmake --install /home/user/ros2_ws/build/arm_moveit_config
