[0.261s] DEBUG:colcon:Command line arguments: ['/usr/bin/colcon', 'build']
[0.261s] DEBUG:colcon:Parsed command line arguments: Namespace(log_base=None, log_level=None, verb_name='build', build_base='build', install_base='install', merge_install=False, symlink_install=False, test_result_base=None, continue_on_error=False, executor='parallel', parallel_workers=4, event_handlers=None, ignore_user_meta=False, metas=['./colcon.meta'], base_paths=['.'], packages_ignore=None, packages_ignore_regex=None, paths=None, packages_up_to=None, packages_up_to_regex=None, packages_above=None, packages_above_and_dependencies=None, packages_above_depth=None, packages_select_by_dep=None, packages_skip_by_dep=None, packages_skip_up_to=None, packages_select_build_failed=False, packages_skip_build_finished=False, packages_select_test_failures=False, packages_skip_test_passed=False, packages_select=None, packages_skip=None, packages_select_regex=None, packages_skip_regex=None, packages_start=None, packages_end=None, allow_overriding=[], cmake_args=None, cmake_target=None, cmake_target_skip_unavailable=False, cmake_clean_cache=False, cmake_clean_first=False, cmake_force_configure=False, ament_cmake_args=None, catkin_cmake_args=None, catkin_skip_building_tests=False, mixin_files=None, mixin=None, verb_parser=<colcon_mixin.mixin.mixin_argument.MixinArgumentDecorator object at 0x78c63a9a2c00>, verb_extension=<colcon_core.verb.build.BuildVerb object at 0x78c63a940920>, main=<bound method BuildVerb.main of <colcon_core.verb.build.BuildVerb object at 0x78c63a940920>>, mixin_verb=('build',))
[0.355s] Level 1:colcon.colcon_core.package_discovery:discover_packages(colcon_meta) check parameters
[0.355s] Level 1:colcon.colcon_core.package_discovery:discover_packages(recursive) check parameters
[0.355s] Level 1:colcon.colcon_core.package_discovery:discover_packages(ignore) check parameters
[0.355s] Level 1:colcon.colcon_core.package_discovery:discover_packages(path) check parameters
[0.355s] Level 1:colcon.colcon_core.package_discovery:discover_packages(colcon_meta) discover
[0.356s] Level 1:colcon.colcon_core.package_discovery:discover_packages(recursive) discover
[0.356s] INFO:colcon.colcon_core.package_discovery:Crawling recursively for packages in '/home/user/ros2_ws'
[0.356s] Level 1:colcon.colcon_core.package_identification:_identify(.) by extensions ['ignore', 'ignore_ament_install']
[0.356s] Level 1:colcon.colcon_core.package_identification:_identify(.) by extension 'ignore'
[0.356s] Level 1:colcon.colcon_core.package_identification:_identify(.) by extension 'ignore_ament_install'
[0.356s] Level 1:colcon.colcon_core.package_identification:_identify(.) by extensions ['colcon_pkg']
[0.356s] Level 1:colcon.colcon_core.package_identification:_identify(.) by extension 'colcon_pkg'
[0.356s] Level 1:colcon.colcon_core.package_identification:_identify(.) by extensions ['colcon_meta']
[0.356s] Level 1:colcon.colcon_core.package_identification:_identify(.) by extension 'colcon_meta'
[0.356s] Level 1:colcon.colcon_core.package_identification:_identify(.) by extensions ['ros']
[0.356s] Level 1:colcon.colcon_core.package_identification:_identify(.) by extension 'ros'
[0.409s] Level 1:colcon.colcon_core.package_identification:_identify(.) by extensions ['cmake', 'python']
[0.409s] Level 1:colcon.colcon_core.package_identification:_identify(.) by extension 'cmake'
[0.409s] Level 1:colcon.colcon_core.package_identification:_identify(.) by extension 'python'
[0.409s] Level 1:colcon.colcon_core.package_identification:_identify(.) by extensions ['python_setup_py']
[0.410s] Level 1:colcon.colcon_core.package_identification:_identify(.) by extension 'python_setup_py'
[0.410s] Level 1:colcon.colcon_core.package_identification:_identify(build) by extensions ['ignore', 'ignore_ament_install']
[0.410s] Level 1:colcon.colcon_core.package_identification:_identify(build) by extension 'ignore'
[0.410s] Level 1:colcon.colcon_core.package_identification:_identify(build) ignored
[0.410s] Level 1:colcon.colcon_core.package_identification:_identify(install) by extensions ['ignore', 'ignore_ament_install']
[0.410s] Level 1:colcon.colcon_core.package_identification:_identify(install) by extension 'ignore'
[0.410s] Level 1:colcon.colcon_core.package_identification:_identify(install) ignored
[0.410s] Level 1:colcon.colcon_core.package_identification:_identify(log) by extensions ['ignore', 'ignore_ament_install']
[0.411s] Level 1:colcon.colcon_core.package_identification:_identify(log) by extension 'ignore'
[0.411s] Level 1:colcon.colcon_core.package_identification:_identify(log) ignored
[0.411s] Level 1:colcon.colcon_core.package_identification:_identify(src) by extensions ['ignore', 'ignore_ament_install']
[0.411s] Level 1:colcon.colcon_core.package_identification:_identify(src) by extension 'ignore'
[0.411s] Level 1:colcon.colcon_core.package_identification:_identify(src) by extension 'ignore_ament_install'
[0.415s] Level 1:colcon.colcon_core.package_identification:_identify(src) by extensions ['colcon_pkg']
[0.416s] Level 1:colcon.colcon_core.package_identification:_identify(src) by extension 'colcon_pkg'
[0.416s] Level 1:colcon.colcon_core.package_identification:_identify(src) by extensions ['colcon_meta']
[0.416s] Level 1:colcon.colcon_core.package_identification:_identify(src) by extension 'colcon_meta'
[0.416s] Level 1:colcon.colcon_core.package_identification:_identify(src) by extensions ['ros']
[0.416s] Level 1:colcon.colcon_core.package_identification:_identify(src) by extension 'ros'
[0.416s] Level 1:colcon.colcon_core.package_identification:_identify(src) by extensions ['cmake', 'python']
[0.416s] Level 1:colcon.colcon_core.package_identification:_identify(src) by extension 'cmake'
[0.416s] Level 1:colcon.colcon_core.package_identification:_identify(src) by extension 'python'
[0.416s] Level 1:colcon.colcon_core.package_identification:_identify(src) by extensions ['python_setup_py']
[0.416s] Level 1:colcon.colcon_core.package_identification:_identify(src) by extension 'python_setup_py'
[0.416s] Level 1:colcon.colcon_core.package_identification:_identify(src/repository) by extensions ['ignore', 'ignore_ament_install']
[0.417s] Level 1:colcon.colcon_core.package_identification:_identify(src/repository) by extension 'ignore'
[0.417s] Level 1:colcon.colcon_core.package_identification:_identify(src/repository) by extension 'ignore_ament_install'
[0.417s] Level 1:colcon.colcon_core.package_identification:_identify(src/repository) by extensions ['colcon_pkg']
[0.417s] Level 1:colcon.colcon_core.package_identification:_identify(src/repository) by extension 'colcon_pkg'
[0.417s] Level 1:colcon.colcon_core.package_identification:_identify(src/repository) by extensions ['colcon_meta']
[0.417s] Level 1:colcon.colcon_core.package_identification:_identify(src/repository) by extension 'colcon_meta'
[0.417s] Level 1:colcon.colcon_core.package_identification:_identify(src/repository) by extensions ['ros']
[0.417s] Level 1:colcon.colcon_core.package_identification:_identify(src/repository) by extension 'ros'
[0.417s] Level 1:colcon.colcon_core.package_identification:_identify(src/repository) by extensions ['cmake', 'python']
[0.417s] Level 1:colcon.colcon_core.package_identification:_identify(src/repository) by extension 'cmake'
[0.417s] Level 1:colcon.colcon_core.package_identification:_identify(src/repository) by extension 'python'
[0.417s] Level 1:colcon.colcon_core.package_identification:_identify(src/repository) by extensions ['python_setup_py']
[0.417s] Level 1:colcon.colcon_core.package_identification:_identify(src/repository) by extension 'python_setup_py'
[0.417s] Level 1:colcon.colcon_core.package_identification:_identify(src/repository/arm_moveit_config) by extensions ['ignore', 'ignore_ament_install']
[0.418s] Level 1:colcon.colcon_core.package_identification:_identify(src/repository/arm_moveit_config) by extension 'ignore'
[0.418s] Level 1:colcon.colcon_core.package_identification:_identify(src/repository/arm_moveit_config) by extension 'ignore_ament_install'
[0.418s] Level 1:colcon.colcon_core.package_identification:_identify(src/repository/arm_moveit_config) by extensions ['colcon_pkg']
[0.418s] Level 1:colcon.colcon_core.package_identification:_identify(src/repository/arm_moveit_config) by extension 'colcon_pkg'
[0.418s] Level 1:colcon.colcon_core.package_identification:_identify(src/repository/arm_moveit_config) by extensions ['colcon_meta']
[0.418s] Level 1:colcon.colcon_core.package_identification:_identify(src/repository/arm_moveit_config) by extension 'colcon_meta'
[0.418s] Level 1:colcon.colcon_core.package_identification:_identify(src/repository/arm_moveit_config) by extensions ['ros']
[0.418s] Level 1:colcon.colcon_core.package_identification:_identify(src/repository/arm_moveit_config) by extension 'ros'
[0.423s] DEBUG:colcon.colcon_core.package_identification:Package 'src/repository/arm_moveit_config' with type 'ros.ament_cmake' and name 'arm_moveit_config'
[0.424s] Level 1:colcon.colcon_core.package_identification:_identify(src/repository/my_robot_description) by extensions ['ignore', 'ignore_ament_install']
[0.424s] Level 1:colcon.colcon_core.package_identification:_identify(src/repository/my_robot_description) by extension 'ignore'
[0.424s] Level 1:colcon.colcon_core.package_identification:_identify(src/repository/my_robot_description) by extension 'ignore_ament_install'
[0.424s] Level 1:colcon.colcon_core.package_identification:_identify(src/repository/my_robot_description) by extensions ['colcon_pkg']
[0.424s] Level 1:colcon.colcon_core.package_identification:_identify(src/repository/my_robot_description) by extension 'colcon_pkg'
[0.424s] Level 1:colcon.colcon_core.package_identification:_identify(src/repository/my_robot_description) by extensions ['colcon_meta']
[0.424s] Level 1:colcon.colcon_core.package_identification:_identify(src/repository/my_robot_description) by extension 'colcon_meta'
[0.424s] Level 1:colcon.colcon_core.package_identification:_identify(src/repository/my_robot_description) by extensions ['ros']
[0.424s] Level 1:colcon.colcon_core.package_identification:_identify(src/repository/my_robot_description) by extension 'ros'
[0.426s] DEBUG:colcon.colcon_core.package_identification:Package 'src/repository/my_robot_description' with type 'ros.ament_cmake' and name 'my_robot_description'
[0.426s] Level 1:colcon.colcon_core.package_identification:_identify(src/repository/my_robot_gazebo) by extensions ['ignore', 'ignore_ament_install']
[0.426s] Level 1:colcon.colcon_core.package_identification:_identify(src/repository/my_robot_gazebo) by extension 'ignore'
[0.426s] Level 1:colcon.colcon_core.package_identification:_identify(src/repository/my_robot_gazebo) by extension 'ignore_ament_install'
[0.426s] Level 1:colcon.colcon_core.package_identification:_identify(src/repository/my_robot_gazebo) by extensions ['colcon_pkg']
[0.426s] Level 1:colcon.colcon_core.package_identification:_identify(src/repository/my_robot_gazebo) by extension 'colcon_pkg'
[0.426s] Level 1:colcon.colcon_core.package_identification:_identify(src/repository/my_robot_gazebo) by extensions ['colcon_meta']
[0.426s] Level 1:colcon.colcon_core.package_identification:_identify(src/repository/my_robot_gazebo) by extension 'colcon_meta'
[0.426s] Level 1:colcon.colcon_core.package_identification:_identify(src/repository/my_robot_gazebo) by extensions ['ros']
[0.426s] Level 1:colcon.colcon_core.package_identification:_identify(src/repository/my_robot_gazebo) by extension 'ros'
[0.427s] DEBUG:colcon.colcon_core.package_identification:Package 'src/repository/my_robot_gazebo' with type 'ros.ament_cmake' and name 'my_robot_gazebo'
[0.428s] Level 1:colcon.colcon_core.package_identification:_identify(src/repository/my_robot_motion) by extensions ['ignore', 'ignore_ament_install']
[0.428s] Level 1:colcon.colcon_core.package_identification:_identify(src/repository/my_robot_motion) by extension 'ignore'
[0.428s] Level 1:colcon.colcon_core.package_identification:_identify(src/repository/my_robot_motion) by extension 'ignore_ament_install'
[0.428s] Level 1:colcon.colcon_core.package_identification:_identify(src/repository/my_robot_motion) by extensions ['colcon_pkg']
[0.428s] Level 1:colcon.colcon_core.package_identification:_identify(src/repository/my_robot_motion) by extension 'colcon_pkg'
[0.428s] Level 1:colcon.colcon_core.package_identification:_identify(src/repository/my_robot_motion) by extensions ['colcon_meta']
[0.428s] Level 1:colcon.colcon_core.package_identification:_identify(src/repository/my_robot_motion) by extension 'colcon_meta'
[0.428s] Level 1:colcon.colcon_core.package_identification:_identify(src/repository/my_robot_motion) by extensions ['ros']
[0.428s] Level 1:colcon.colcon_core.package_identification:_identify(src/repository/my_robot_motion) by extension 'ros'
[0.429s] DEBUG:colcon.colcon_core.package_identification:Package 'src/repository/my_robot_motion' with type 'ros.ament_python' and name 'my_robot_motion'
[0.430s] Level 1:colcon.colcon_core.package_discovery:discover_packages(recursive) using defaults
[0.430s] Level 1:colcon.colcon_core.package_discovery:discover_packages(ignore) discover
[0.430s] Level 1:colcon.colcon_core.package_discovery:discover_packages(ignore) using defaults
[0.430s] Level 1:colcon.colcon_core.package_discovery:discover_packages(path) discover
[0.430s] Level 1:colcon.colcon_core.package_discovery:discover_packages(path) using defaults
[0.478s] Level 1:colcon.colcon_core.package_discovery:discover_packages(prefix_path) check parameters
[0.478s] Level 1:colcon.colcon_core.package_discovery:discover_packages(prefix_path) discover
[0.486s] DEBUG:colcon.colcon_installed_package_information.package_discovery:Found 511 installed packages in /opt/ros/jazzy
[0.492s] Level 1:colcon.colcon_core.package_discovery:discover_packages(prefix_path) using defaults
[0.645s] Level 5:colcon.colcon_core.verb:set package 'my_robot_description' build argument 'cmake_args' from command line to 'None'
[0.645s] Level 5:colcon.colcon_core.verb:set package 'my_robot_description' build argument 'cmake_target' from command line to 'None'
[0.645s] Level 5:colcon.colcon_core.verb:set package 'my_robot_description' build argument 'cmake_target_skip_unavailable' from command line to 'False'
[0.645s] Level 5:colcon.colcon_core.verb:set package 'my_robot_description' build argument 'cmake_clean_cache' from command line to 'False'
[0.645s] Level 5:colcon.colcon_core.verb:set package 'my_robot_description' build argument 'cmake_clean_first' from command line to 'False'
[0.645s] Level 5:colcon.colcon_core.verb:set package 'my_robot_description' build argument 'cmake_force_configure' from command line to 'False'
[0.645s] Level 5:colcon.colcon_core.verb:set package 'my_robot_description' build argument 'ament_cmake_args' from command line to 'None'
[0.645s] Level 5:colcon.colcon_core.verb:set package 'my_robot_description' build argument 'catkin_cmake_args' from command line to 'None'
[0.645s] Level 5:colcon.colcon_core.verb:set package 'my_robot_description' build argument 'catkin_skip_building_tests' from command line to 'False'
[0.645s] DEBUG:colcon.colcon_core.verb:Building package 'my_robot_description' with the following arguments: {'ament_cmake_args': None, 'build_base': '/home/user/ros2_ws/build/my_robot_description', 'catkin_cmake_args': None, 'catkin_skip_building_tests': False, 'cmake_args': None, 'cmake_clean_cache': False, 'cmake_clean_first': False, 'cmake_force_configure': False, 'cmake_target': None, 'cmake_target_skip_unavailable': False, 'install_base': '/home/user/ros2_ws/install/my_robot_description', 'merge_install': False, 'path': '/home/user/ros2_ws/src/repository/my_robot_description', 'symlink_install': False, 'test_result_base': None}
[0.646s] Level 5:colcon.colcon_core.verb:set package 'my_robot_gazebo' build argument 'cmake_args' from command line to 'None'
[0.646s] Level 5:colcon.colcon_core.verb:set package 'my_robot_gazebo' build argument 'cmake_target' from command line to 'None'
[0.646s] Level 5:colcon.colcon_core.verb:set package 'my_robot_gazebo' build argument 'cmake_target_skip_unavailable' from command line to 'False'
[0.646s] Level 5:colcon.colcon_core.verb:set package 'my_robot_gazebo' build argument 'cmake_clean_cache' from command line to 'False'
[0.646s] Level 5:colcon.colcon_core.verb:set package 'my_robot_gazebo' build argument 'cmake_clean_first' from command line to 'False'
[0.646s] Level 5:colcon.colcon_core.verb:set package 'my_robot_gazebo' build argument 'cmake_force_configure' from command line to 'False'
[0.646s] Level 5:colcon.colcon_core.verb:set package 'my_robot_gazebo' build argument 'ament_cmake_args' from command line to 'None'
[0.646s] Level 5:colcon.colcon_core.verb:set package 'my_robot_gazebo' build argument 'catkin_cmake_args' from command line to 'None'
[0.646s] Level 5:colcon.colcon_core.verb:set package 'my_robot_gazebo' build argument 'catkin_skip_building_tests' from command line to 'False'
[0.646s] DEBUG:colcon.colcon_core.verb:Building package 'my_robot_gazebo' with the following arguments: {'ament_cmake_args': None, 'build_base': '/home/user/ros2_ws/build/my_robot_gazebo', 'catkin_cmake_args': None, 'catkin_skip_building_tests': False, 'cmake_args': None, 'cmake_clean_cache': False, 'cmake_clean_first': False, 'cmake_force_configure': False, 'cmake_target': None, 'cmake_target_skip_unavailable': False, 'install_base': '/home/user/ros2_ws/install/my_robot_gazebo', 'merge_install': False, 'path': '/home/user/ros2_ws/src/repository/my_robot_gazebo', 'symlink_install': False, 'test_result_base': None}
[0.647s] Level 5:colcon.colcon_core.verb:set package 'my_robot_motion' build argument 'cmake_args' from command line to 'None'
[0.647s] Level 5:colcon.colcon_core.verb:set package 'my_robot_motion' build argument 'cmake_target' from command line to 'None'
[0.647s] Level 5:colcon.colcon_core.verb:set package 'my_robot_motion' build argument 'cmake_target_skip_unavailable' from command line to 'False'
[0.647s] Level 5:colcon.colcon_core.verb:set package 'my_robot_motion' build argument 'cmake_clean_cache' from command line to 'False'
[0.647s] Level 5:colcon.colcon_core.verb:set package 'my_robot_motion' build argument 'cmake_clean_first' from command line to 'False'
[0.647s] Level 5:colcon.colcon_core.verb:set package 'my_robot_motion' build argument 'cmake_force_configure' from command line to 'False'
[0.647s] Level 5:colcon.colcon_core.verb:set package 'my_robot_motion' build argument 'ament_cmake_args' from command line to 'None'
[0.647s] Level 5:colcon.colcon_core.verb:set package 'my_robot_motion' build argument 'catkin_cmake_args' from command line to 'None'
[0.647s] Level 5:colcon.colcon_core.verb:set package 'my_robot_motion' build argument 'catkin_skip_building_tests' from command line to 'False'
[0.647s] DEBUG:colcon.colcon_core.verb:Building package 'my_robot_motion' with the following arguments: {'ament_cmake_args': None, 'build_base': '/home/user/ros2_ws/build/my_robot_motion', 'catkin_cmake_args': None, 'catkin_skip_building_tests': False, 'cmake_args': None, 'cmake_clean_cache': False, 'cmake_clean_first': False, 'cmake_force_configure': False, 'cmake_target': None, 'cmake_target_skip_unavailable': False, 'install_base': '/home/user/ros2_ws/install/my_robot_motion', 'merge_install': False, 'path': '/home/user/ros2_ws/src/repository/my_robot_motion', 'symlink_install': False, 'test_result_base': None}
[0.648s] Level 5:colcon.colcon_core.verb:set package 'arm_moveit_config' build argument 'cmake_args' from command line to 'None'
[0.648s] Level 5:colcon.colcon_core.verb:set package 'arm_moveit_config' build argument 'cmake_target' from command line to 'None'
[0.648s] Level 5:colcon.colcon_core.verb:set package 'arm_moveit_config' build argument 'cmake_target_skip_unavailable' from command line to 'False'
[0.648s] Level 5:colcon.colcon_core.verb:set package 'arm_moveit_config' build argument 'cmake_clean_cache' from command line to 'False'
[0.648s] Level 5:colcon.colcon_core.verb:set package 'arm_moveit_config' build argument 'cmake_clean_first' from command line to 'False'
[0.648s] Level 5:colcon.colcon_core.verb:set package 'arm_moveit_config' build argument 'cmake_force_configure' from command line to 'False'
[0.648s] Level 5:colcon.colcon_core.verb:set package 'arm_moveit_config' build argument 'ament_cmake_args' from command line to 'None'
[0.648s] Level 5:colcon.colcon_core.verb:set package 'arm_moveit_config' build argument 'catkin_cmake_args' from command line to 'None'
[0.648s] Level 5:colcon.colcon_core.verb:set package 'arm_moveit_config' build argument 'catkin_skip_building_tests' from command line to 'False'
[0.648s] DEBUG:colcon.colcon_core.verb:Building package 'arm_moveit_config' with the following arguments: {'ament_cmake_args': None, 'build_base': '/home/user/ros2_ws/build/arm_moveit_config', 'catkin_cmake_args': None, 'catkin_skip_building_tests': False, 'cmake_args': None, 'cmake_clean_cache': False, 'cmake_clean_first': False, 'cmake_force_configure': False, 'cmake_target': None, 'cmake_target_skip_unavailable': False, 'install_base': '/home/user/ros2_ws/install/arm_moveit_config', 'merge_install': False, 'path': '/home/user/ros2_ws/src/repository/arm_moveit_config', 'symlink_install': False, 'test_result_base': None}
[0.648s] INFO:colcon.colcon_core.executor:Executing jobs using 'parallel' executor
[0.650s] DEBUG:colcon.colcon_parallel_executor.executor.parallel:run_until_complete
[0.650s] INFO:colcon.colcon_ros.task.ament_cmake.build:Building ROS package in '/home/user/ros2_ws/src/repository/my_robot_description' with build type 'ament_cmake'
[0.650s] INFO:colcon.colcon_cmake.task.cmake.build:Building CMake package in '/home/user/ros2_ws/src/repository/my_robot_description'
[0.653s] INFO:colcon.colcon_core.plugin_system:Skipping extension 'colcon_core.shell.bat': Not used on non-Windows systems
[0.654s] INFO:colcon.colcon_core.shell:Skip shell extension 'powershell' for command environment: Not usable outside of PowerShell
[0.654s] DEBUG:colcon.colcon_core.shell:Skip shell extension 'dsv' for command environment
[0.664s] INFO:colcon.colcon_ros.task.ament_cmake.build:Building ROS package in '/home/user/ros2_ws/src/repository/my_robot_gazebo' with build type 'ament_cmake'
[0.664s] INFO:colcon.colcon_cmake.task.cmake.build:Building CMake package in '/home/user/ros2_ws/src/repository/my_robot_gazebo'
[0.664s] INFO:colcon.colcon_core.shell:Skip shell extension 'powershell' for command environment: Not usable outside of PowerShell
[0.665s] DEBUG:colcon.colcon_core.shell:Skip shell extension 'dsv' for command environment
[0.676s] INFO:colcon.colcon_ros.task.ament_python.build:Building ROS package in '/home/user/ros2_ws/src/repository/my_robot_motion' with build type 'ament_python'
[0.677s] Level 1:colcon.colcon_core.shell:create_environment_hook('my_robot_motion', 'ament_prefix_path')
[0.677s] INFO:colcon.colcon_core.shell:Creating environment hook '/home/user/ros2_ws/install/my_robot_motion/share/my_robot_motion/hook/ament_prefix_path.ps1'
[0.678s] INFO:colcon.colcon_core.shell:Creating environment descriptor '/home/user/ros2_ws/install/my_robot_motion/share/my_robot_motion/hook/ament_prefix_path.dsv'
[0.679s] INFO:colcon.colcon_core.shell:Creating environment hook '/home/user/ros2_ws/install/my_robot_motion/share/my_robot_motion/hook/ament_prefix_path.sh'
[0.681s] INFO:colcon.colcon_core.shell:Skip shell extension 'powershell' for command environment: Not usable outside of PowerShell
[0.681s] DEBUG:colcon.colcon_core.shell:Skip shell extension 'dsv' for command environment
[0.742s] DEBUG:colcon.colcon_core.event_handler.log_command:Invoking command in '/home/user/ros2_ws/build/my_robot_description': CMAKE_PREFIX_PATH=${CMAKE_PREFIX_PATH}:/opt/ros/jazzy DEBUGINFOD_URLS=https://debuginfod.ubuntu.com /usr/bin/cmake --build /home/user/ros2_ws/build/my_robot_description -- -j4 -l4
[0.743s] DEBUG:colcon.colcon_core.event_handler.log_command:Invoking command in '/home/user/ros2_ws/build/my_robot_gazebo': CMAKE_PREFIX_PATH=${CMAKE_PREFIX_PATH}:/opt/ros/jazzy DEBUGINFOD_URLS=https://debuginfod.ubuntu.com /usr/bin/cmake --build /home/user/ros2_ws/build/my_robot_gazebo -- -j4 -l4
[1.390s] INFO:colcon.colcon_core.task.python.build:Building Python package in '/home/user/ros2_ws/src/repository/my_robot_motion'
[1.390s] INFO:colcon.colcon_core.shell:Skip shell extension 'powershell' for command environment: Not usable outside of PowerShell
[1.390s] DEBUG:colcon.colcon_core.shell:Skip shell extension 'dsv' for command environment
[1.408s] DEBUG:colcon.colcon_core.event_handler.log_command:Invoked command in '/home/user/ros2_ws/build/my_robot_description' returned '0': CMAKE_PREFIX_PATH=${CMAKE_PREFIX_PATH}:/opt/ros/jazzy DEBUGINFOD_URLS=https://debuginfod.ubuntu.com /usr/bin/cmake --build /home/user/ros2_ws/build/my_robot_description -- -j4 -l4
[1.428s] DEBUG:colcon.colcon_core.event_handler.log_command:Invoking command in '/home/user/ros2_ws/build/my_robot_description': CMAKE_PREFIX_PATH=${CMAKE_PREFIX_PATH}:/opt/ros/jazzy DEBUGINFOD_URLS=https://debuginfod.ubuntu.com /usr/bin/cmake --install /home/user/ros2_ws/build/my_robot_description
[1.430s] DEBUG:colcon.colcon_core.event_handler.log_command:Invoked command in '/home/user/ros2_ws/build/my_robot_gazebo' returned '0': CMAKE_PREFIX_PATH=${CMAKE_PREFIX_PATH}:/opt/ros/jazzy DEBUGINFOD_URLS=https://debuginfod.ubuntu.com /usr/bin/cmake --build /home/user/ros2_ws/build/my_robot_gazebo -- -j4 -l4
[1.431s] DEBUG:colcon.colcon_core.event_handler.log_command:Invoking command in '/home/user/ros2_ws/build/my_robot_gazebo': CMAKE_PREFIX_PATH=${CMAKE_PREFIX_PATH}:/opt/ros/jazzy DEBUGINFOD_URLS=https://debuginfod.ubuntu.com /usr/bin/cmake --install /home/user/ros2_ws/build/my_robot_gazebo
[1.470s] Level 1:colcon.colcon_core.environment:create_environment_scripts_only(my_robot_gazebo)
[1.475s] Level 1:colcon.colcon_core.environment:checking '/home/user/ros2_ws/install/my_robot_gazebo' for CMake module files
[1.475s] DEBUG:colcon.colcon_core.event_handler.log_command:Invoked command in '/home/user/ros2_ws/build/my_robot_gazebo' returned '0': CMAKE_PREFIX_PATH=${CMAKE_PREFIX_PATH}:/opt/ros/jazzy DEBUGINFOD_URLS=https://debuginfod.ubuntu.com /usr/bin/cmake --install /home/user/ros2_ws/build/my_robot_gazebo
[1.478s] Level 1:colcon.colcon_core.environment:checking '/home/user/ros2_ws/install/my_robot_gazebo' for CMake config files
[1.478s] Level 1:colcon.colcon_core.shell:create_environment_hook('my_robot_gazebo', 'cmake_prefix_path')
[1.479s] INFO:colcon.colcon_core.shell:Creating environment hook '/home/user/ros2_ws/install/my_robot_gazebo/share/my_robot_gazebo/hook/cmake_prefix_path.ps1'
[1.481s] INFO:colcon.colcon_core.shell:Creating environment descriptor '/home/user/ros2_ws/install/my_robot_gazebo/share/my_robot_gazebo/hook/cmake_prefix_path.dsv'
[1.482s] INFO:colcon.colcon_core.shell:Creating environment hook '/home/user/ros2_ws/install/my_robot_gazebo/share/my_robot_gazebo/hook/cmake_prefix_path.sh'
[1.486s] Level 1:colcon.colcon_core.environment:checking '/home/user/ros2_ws/install/my_robot_gazebo/bin'
[1.486s] Level 1:colcon.colcon_core.environment:checking '/home/user/ros2_ws/install/my_robot_gazebo/lib/pkgconfig/my_robot_gazebo.pc'
[1.486s] Level 1:colcon.colcon_core.environment:checking '/home/user/ros2_ws/install/my_robot_gazebo/lib/python3.12/site-packages'
[1.487s] Level 1:colcon.colcon_core.environment:checking '/home/user/ros2_ws/install/my_robot_gazebo/bin'
[1.490s] INFO:colcon.colcon_core.shell:Creating package script '/home/user/ros2_ws/install/my_robot_gazebo/share/my_robot_gazebo/package.ps1'
[1.498s] INFO:colcon.colcon_core.shell:Creating package descriptor '/home/user/ros2_ws/install/my_robot_gazebo/share/my_robot_gazebo/package.dsv'
[1.504s] INFO:colcon.colcon_core.shell:Creating package script '/home/user/ros2_ws/install/my_robot_gazebo/share/my_robot_gazebo/package.sh'
[1.507s] INFO:colcon.colcon_core.shell:Creating package script '/home/user/ros2_ws/install/my_robot_gazebo/share/my_robot_gazebo/package.bash'
[1.508s] INFO:colcon.colcon_core.shell:Creating package script '/home/user/ros2_ws/install/my_robot_gazebo/share/my_robot_gazebo/package.zsh'
[1.510s] Level 1:colcon.colcon_core.environment:create_file_with_runtime_dependencies(/home/user/ros2_ws/install/my_robot_gazebo/share/colcon-core/packages/my_robot_gazebo)
[1.512s] Level 1:colcon.colcon_core.environment:create_environment_scripts_only(my_robot_gazebo)
[1.515s] Level 1:colcon.colcon_core.environment:checking '/home/user/ros2_ws/install/my_robot_gazebo' for CMake module files
[1.516s] Level 1:colcon.colcon_core.environment:checking '/home/user/ros2_ws/install/my_robot_gazebo' for CMake config files
[1.516s] Level 1:colcon.colcon_core.shell:create_environment_hook('my_robot_gazebo', 'cmake_prefix_path')
[1.516s] INFO:colcon.colcon_core.shell:Creating environment hook '/home/user/ros2_ws/install/my_robot_gazebo/share/my_robot_gazebo/hook/cmake_prefix_path.ps1'
[1.518s] INFO:colcon.colcon_core.shell:Creating environment descriptor '/home/user/ros2_ws/install/my_robot_gazebo/share/my_robot_gazebo/hook/cmake_prefix_path.dsv'
[1.518s] INFO:colcon.colcon_core.shell:Creating environment hook '/home/user/ros2_ws/install/my_robot_gazebo/share/my_robot_gazebo/hook/cmake_prefix_path.sh'
[1.519s] Level 1:colcon.colcon_core.environment:checking '/home/user/ros2_ws/install/my_robot_gazebo/bin'
[1.519s] Level 1:colcon.colcon_core.environment:checking '/home/user/ros2_ws/install/my_robot_gazebo/lib/pkgconfig/my_robot_gazebo.pc'
[1.519s] Level 1:colcon.colcon_core.environment:checking '/home/user/ros2_ws/install/my_robot_gazebo/lib/python3.12/site-packages'
[1.522s] Level 1:colcon.colcon_core.environment:checking '/home/user/ros2_ws/install/my_robot_gazebo/bin'
[1.522s] INFO:colcon.colcon_core.shell:Creating package script '/home/user/ros2_ws/install/my_robot_gazebo/share/my_robot_gazebo/package.ps1'
[1.523s] INFO:colcon.colcon_core.shell:Creating package descriptor '/home/user/ros2_ws/install/my_robot_gazebo/share/my_robot_gazebo/package.dsv'
[1.524s] INFO:colcon.colcon_core.shell:Creating package script '/home/user/ros2_ws/install/my_robot_gazebo/share/my_robot_gazebo/package.sh'
[1.525s] INFO:colcon.colcon_core.shell:Creating package script '/home/user/ros2_ws/install/my_robot_gazebo/share/my_robot_gazebo/package.bash'
[1.526s] INFO:colcon.colcon_core.shell:Creating package script '/home/user/ros2_ws/install/my_robot_gazebo/share/my_robot_gazebo/package.zsh'
[1.526s] Level 1:colcon.colcon_core.environment:create_file_with_runtime_dependencies(/home/user/ros2_ws/install/my_robot_gazebo/share/colcon-core/packages/my_robot_gazebo)
[1.530s] Level 1:colcon.colcon_core.environment:create_environment_scripts_only(my_robot_description)
[1.531s] Level 1:colcon.colcon_core.environment:checking '/home/user/ros2_ws/install/my_robot_description' for CMake module files
[1.532s] Level 1:colcon.colcon_core.environment:checking '/home/user/ros2_ws/install/my_robot_description' for CMake config files
[1.532s] Level 1:colcon.colcon_core.shell:create_environment_hook('my_robot_description', 'cmake_prefix_path')
[1.532s] INFO:colcon.colcon_core.shell:Creating environment hook '/home/user/ros2_ws/install/my_robot_description/share/my_robot_description/hook/cmake_prefix_path.ps1'
[1.533s] INFO:colcon.colcon_core.shell:Creating environment descriptor '/home/user/ros2_ws/install/my_robot_description/share/my_robot_description/hook/cmake_prefix_path.dsv'
[1.531s] DEBUG:colcon.colcon_core.event_handler.log_command:Invoked command in '/home/user/ros2_ws/build/my_robot_description' returned '0': CMAKE_PREFIX_PATH=${CMAKE_PREFIX_PATH}:/opt/ros/jazzy DEBUGINFOD_URLS=https://debuginfod.ubuntu.com /usr/bin/cmake --install /home/user/ros2_ws/build/my_robot_description
[1.533s] INFO:colcon.colcon_core.shell:Creating environment hook '/home/user/ros2_ws/install/my_robot_description/share/my_robot_description/hook/cmake_prefix_path.sh'
[1.534s] Level 1:colcon.colcon_core.environment:checking '/home/user/ros2_ws/install/my_robot_description/bin'
[1.534s] Level 1:colcon.colcon_core.environment:checking '/home/user/ros2_ws/install/my_robot_description/lib/pkgconfig/my_robot_description.pc'
[1.535s] Level 1:colcon.colcon_core.environment:checking '/home/user/ros2_ws/install/my_robot_description/lib/python3.12/site-packages'
[1.535s] Level 1:colcon.colcon_core.environment:checking '/home/user/ros2_ws/install/my_robot_description/bin'
[1.536s] INFO:colcon.colcon_core.shell:Creating package script '/home/user/ros2_ws/install/my_robot_description/share/my_robot_description/package.ps1'
[1.537s] INFO:colcon.colcon_core.shell:Creating package descriptor '/home/user/ros2_ws/install/my_robot_description/share/my_robot_description/package.dsv'
[1.537s] INFO:colcon.colcon_core.shell:Creating package script '/home/user/ros2_ws/install/my_robot_description/share/my_robot_description/package.sh'
[1.538s] INFO:colcon.colcon_core.shell:Creating package script '/home/user/ros2_ws/install/my_robot_description/share/my_robot_description/package.bash'
[1.538s] INFO:colcon.colcon_core.shell:Creating package script '/home/user/ros2_ws/install/my_robot_description/share/my_robot_description/package.zsh'
[1.539s] Level 1:colcon.colcon_core.environment:create_file_with_runtime_dependencies(/home/user/ros2_ws/install/my_robot_description/share/colcon-core/packages/my_robot_description)
[1.539s] Level 1:colcon.colcon_core.environment:create_environment_scripts_only(my_robot_description)
[1.540s] Level 1:colcon.colcon_core.environment:checking '/home/user/ros2_ws/install/my_robot_description' for CMake module files
[1.541s] Level 1:colcon.colcon_core.environment:checking '/home/user/ros2_ws/install/my_robot_description' for CMake config files
[1.541s] Level 1:colcon.colcon_core.shell:create_environment_hook('my_robot_description', 'cmake_prefix_path')
[1.541s] INFO:colcon.colcon_core.shell:Creating environment hook '/home/user/ros2_ws/install/my_robot_description/share/my_robot_description/hook/cmake_prefix_path.ps1'
[1.542s] INFO:colcon.colcon_core.shell:Creating environment descriptor '/home/user/ros2_ws/install/my_robot_description/share/my_robot_description/hook/cmake_prefix_path.dsv'
[1.543s] INFO:colcon.colcon_core.shell:Creating environment hook '/home/user/ros2_ws/install/my_robot_description/share/my_robot_description/hook/cmake_prefix_path.sh'
[1.544s] Level 1:colcon.colcon_core.environment:checking '/home/user/ros2_ws/install/my_robot_description/bin'
[1.544s] Level 1:colcon.colcon_core.environment:checking '/home/user/ros2_ws/install/my_robot_description/lib/pkgconfig/my_robot_description.pc'
[1.545s] Level 1:colcon.colcon_core.environment:checking '/home/user/ros2_ws/install/my_robot_description/lib/python3.12/site-packages'
[1.545s] Level 1:colcon.colcon_core.environment:checking '/home/user/ros2_ws/install/my_robot_description/bin'
[1.546s] INFO:colcon.colcon_core.shell:Creating package script '/home/user/ros2_ws/install/my_robot_description/share/my_robot_description/package.ps1'
[1.557s] INFO:colcon.colcon_core.shell:Creating package descriptor '/home/user/ros2_ws/install/my_robot_description/share/my_robot_description/package.dsv'
[1.562s] INFO:colcon.colcon_core.shell:Creating package script '/home/user/ros2_ws/install/my_robot_description/share/my_robot_description/package.sh'
[1.562s] INFO:colcon.colcon_core.shell:Creating package script '/home/user/ros2_ws/install/my_robot_description/share/my_robot_description/package.bash'
[1.563s] INFO:colcon.colcon_core.shell:Creating package script '/home/user/ros2_ws/install/my_robot_description/share/my_robot_description/package.zsh'
[1.564s] Level 1:colcon.colcon_core.environment:create_file_with_runtime_dependencies(/home/user/ros2_ws/install/my_robot_description/share/colcon-core/packages/my_robot_description)
[1.565s] INFO:colcon.colcon_ros.task.ament_cmake.build:Building ROS package in '/home/user/ros2_ws/src/repository/arm_moveit_config' with build type 'ament_cmake'
[1.565s] INFO:colcon.colcon_cmake.task.cmake.build:Building CMake package in '/home/user/ros2_ws/src/repository/arm_moveit_config'
[1.565s] INFO:colcon.colcon_core.shell:Skip shell extension 'powershell' for command environment: Not usable outside of PowerShell
[1.565s] DEBUG:colcon.colcon_core.shell:Skip shell extension 'dsv' for command environment
[1.581s] DEBUG:colcon.colcon_core.event_handler.log_command:Invoking command in '/home/user/ros2_ws/build/arm_moveit_config': AMENT_PREFIX_PATH=/home/user/ros2_ws/install/my_robot_description:${AMENT_PREFIX_PATH} CMAKE_PREFIX_PATH=/home/user/ros2_ws/install/my_robot_description:/opt/ros/jazzy/opt/gz_sim_vendor:/opt/ros/jazzy/opt/gz_sensors_vendor:/opt/ros/jazzy/opt/gz_physics_vendor:/opt/ros/jazzy/opt/sdformat_vendor:/opt/ros/jazzy/opt/gz_gui_vendor:/opt/ros/jazzy/opt/gz_transport_vendor:/opt/ros/jazzy/opt/gz_rendering_vendor:/opt/ros/jazzy/opt/gz_plugin_vendor:/opt/ros/jazzy/opt/gz_fuel_tools_vendor:/opt/ros/jazzy/opt/gz_msgs_vendor:/opt/ros/jazzy/opt/gz_common_vendor:/opt/ros/jazzy/opt/gz_math_vendor:/opt/ros/jazzy/opt/gz_utils_vendor:/opt/ros/jazzy/opt/gz_tools_vendor:/opt/ros/jazzy/opt/gz_ogre_next_vendor:/opt/ros/jazzy/opt/gz_dartsim_vendor:/opt/ros/jazzy/opt/gz_cmake_vendor:/opt/ros/jazzy DEBUGINFOD_URLS=https://debuginfod.ubuntu.com /usr/bin/cmake --build /home/user/ros2_ws/build/arm_moveit_config -- -j4 -l4
[1.675s] DEBUG:colcon.colcon_core.event_handler.log_command:Invoked command in '/home/user/ros2_ws/build/arm_moveit_config' returned '0': AMENT_PREFIX_PATH=/home/user/ros2_ws/install/my_robot_description:${AMENT_PREFIX_PATH} CMAKE_PREFIX_PATH=/home/user/ros2_ws/install/my_robot_description:/opt/ros/jazzy/opt/gz_sim_vendor:/opt/ros/jazzy/opt/gz_sensors_vendor:/opt/ros/jazzy/opt/gz_physics_vendor:/opt/ros/jazzy/opt/sdformat_vendor:/opt/ros/jazzy/opt/gz_gui_vendor:/opt/ros/jazzy/opt/gz_transport_vendor:/opt/ros/jazzy/opt/gz_rendering_vendor:/opt/ros/jazzy/opt/gz_plugin_vendor:/opt/ros/jazzy/opt/gz_fuel_tools_vendor:/opt/ros/jazzy/opt/gz_msgs_vendor:/opt/ros/jazzy/opt/gz_common_vendor:/opt/ros/jazzy/opt/gz_math_vendor:/opt/ros/jazzy/opt/gz_utils_vendor:/opt/ros/jazzy/opt/gz_tools_vendor:/opt/ros/jazzy/opt/gz_ogre_next_vendor:/opt/ros/jazzy/opt/gz_dartsim_vendor:/opt/ros/jazzy/opt/gz_cmake_vendor:/opt/ros/jazzy DEBUGINFOD_URLS=https://debuginfod.ubuntu.com /usr/bin/cmake --build /home/user/ros2_ws/build/arm_moveit_config -- -j4 -l4
[1.679s] DEBUG:colcon.colcon_core.event_handler.log_command:Invoking command in '/home/user/ros2_ws/build/arm_moveit_config': AMENT_PREFIX_PATH=/home/user/ros2_ws/install/my_robot_description:${AMENT_PREFIX_PATH} CMAKE_PREFIX_PATH=/home/user/ros2_ws/install/my_robot_description:/opt/ros/jazzy/opt/gz_sim_vendor:/opt/ros/jazzy/opt/gz_sensors_vendor:/opt/ros/jazzy/opt/gz_physics_vendor:/opt/ros/jazzy/opt/sdformat_vendor:/opt/ros/jazzy/opt/gz_gui_vendor:/opt/ros/jazzy/opt/gz_transport_vendor:/opt/ros/jazzy/opt/gz_rendering_vendor:/opt/ros/jazzy/opt/gz_plugin_vendor:/opt/ros/jazzy/opt/gz_fuel_tools_vendor:/opt/ros/jazzy/opt/gz_msgs_vendor:/opt/ros/jazzy/opt/gz_common_vendor:/opt/ros/jazzy/opt/gz_math_vendor:/opt/ros/jazzy/opt/gz_utils_vendor:/opt/ros/jazzy/opt/gz_tools_vendor:/opt/ros/jazzy/opt/gz_ogre_next_vendor:/opt/ros/jazzy/opt/gz_dartsim_vendor:/opt/ros/jazzy/opt/gz_cmake_vendor:/opt/ros/jazzy DEBUGINFOD_URLS=https://debuginfod.ubuntu.com /usr/bin/cmake --install /home/user/ros2_ws/build/arm_moveit_config
[1.717s] Level 1:colcon.colcon_core.environment:create_environment_scripts_only(arm_moveit_config)
[1.718s] Level 1:colcon.colcon_core.environment:checking '/home/user/ros2_ws/install/arm_moveit_config' for CMake module files
[1.718s] Level 1:colcon.colcon_core.environment:checking '/home/user/ros2_ws/install/arm_moveit_config' for CMake config files
[1.719s] Level 1:colcon.colcon_core.shell:create_environment_hook('arm_moveit_config', 'cmake_prefix_path')
[1.719s] INFO:colcon.colcon_core.shell:Creating environment hook '/home/user/ros2_ws/install/arm_moveit_config/share/arm_moveit_config/hook/cmake_prefix_path.ps1'
[1.720s] INFO:colcon.colcon_core.shell:Creating environment descriptor '/home/user/ros2_ws/install/arm_moveit_config/share/arm_moveit_config/hook/cmake_prefix_path.dsv'
[1.731s] DEBUG:colcon.colcon_core.event_handler.log_command:Invoked command in '/home/user/ros2_ws/build/arm_moveit_config' returned '0': AMENT_PREFIX_PATH=/home/user/ros2_ws/install/my_robot_description:${AMENT_PREFIX_PATH} CMAKE_PREFIX_PATH=/home/user/ros2_ws/install/my_robot_description:/opt/ros/jazzy/opt/gz_sim_vendor:/opt/ros/jazzy/opt/gz_sensors_vendor:/opt/ros/jazzy/opt/gz_physics_vendor:/opt/ros/jazzy/opt/sdformat_vendor:/opt/ros/jazzy/opt/gz_gui_vendor:/opt/ros/jazzy/opt/gz_transport_vendor:/opt/ros/jazzy/opt/gz_rendering_vendor:/opt/ros/jazzy/opt/gz_plugin_vendor:/opt/ros/jazzy/opt/gz_fuel_tools_vendor:/opt/ros/jazzy/opt/gz_msgs_vendor:/opt/ros/jazzy/opt/gz_common_vendor:/opt/ros/jazzy/opt/gz_math_vendor:/opt/ros/jazzy/opt/gz_utils_vendor:/opt/ros/jazzy/opt/gz_tools_vendor:/opt/ros/jazzy/opt/gz_ogre_next_vendor:/opt/ros/jazzy/opt/gz_dartsim_vendor:/opt/ros/jazzy/opt/gz_cmake_vendor:/opt/ros/jazzy DEBUGINFOD_URLS=https://debuginfod.ubuntu.com /usr/bin/cmake --install /home/user/ros2_ws/build/arm_moveit_config
[1.731s] INFO:colcon.colcon_core.shell:Creating environment hook '/home/user/ros2_ws/install/arm_moveit_config/share/arm_moveit_config/hook/cmake_prefix_path.sh'
[1.732s] Level 1:colcon.colcon_core.environment:checking '/home/user/ros2_ws/install/arm_moveit_config/bin'
[1.732s] Level 1:colcon.colcon_core.environment:checking '/home/user/ros2_ws/install/arm_moveit_config/lib/pkgconfig/arm_moveit_config.pc'
[1.733s] Level 1:colcon.colcon_core.environment:checking '/home/user/ros2_ws/install/arm_moveit_config/lib/python3.12/site-packages'
[1.733s] Level 1:colcon.colcon_core.environment:checking '/home/user/ros2_ws/install/arm_moveit_config/bin'
[1.733s] INFO:colcon.colcon_core.shell:Creating package script '/home/user/ros2_ws/install/arm_moveit_config/share/arm_moveit_config/package.ps1'
[1.734s] INFO:colcon.colcon_core.shell:Creating package descriptor '/home/user/ros2_ws/install/arm_moveit_config/share/arm_moveit_config/package.dsv'
[1.735s] INFO:colcon.colcon_core.shell:Creating package script '/home/user/ros2_ws/install/arm_moveit_config/share/arm_moveit_config/package.sh'
[1.736s] INFO:colcon.colcon_core.shell:Creating package script '/home/user/ros2_ws/install/arm_moveit_config/share/arm_moveit_config/package.bash'
[1.736s] INFO:colcon.colcon_core.shell:Creating package script '/home/user/ros2_ws/install/arm_moveit_config/share/arm_moveit_config/package.zsh'
[1.736s] Level 1:colcon.colcon_core.environment:create_file_with_runtime_dependencies(/home/user/ros2_ws/install/arm_moveit_config/share/colcon-core/packages/arm_moveit_config)
[1.737s] Level 1:colcon.colcon_core.environment:create_environment_scripts_only(arm_moveit_config)
[1.737s] Level 1:colcon.colcon_core.environment:checking '/home/user/ros2_ws/install/arm_moveit_config' for CMake module files
[1.738s] Level 1:colcon.colcon_core.environment:checking '/home/user/ros2_ws/install/arm_moveit_config' for CMake config files
[1.738s] Level 1:colcon.colcon_core.shell:create_environment_hook('arm_moveit_config', 'cmake_prefix_path')
[1.739s] INFO:colcon.colcon_core.shell:Creating environment hook '/home/user/ros2_ws/install/arm_moveit_config/share/arm_moveit_config/hook/cmake_prefix_path.ps1'
[1.739s] INFO:colcon.colcon_core.shell:Creating environment descriptor '/home/user/ros2_ws/install/arm_moveit_config/share/arm_moveit_config/hook/cmake_prefix_path.dsv'
[1.744s] INFO:colcon.colcon_core.shell:Creating environment hook '/home/user/ros2_ws/install/arm_moveit_config/share/arm_moveit_config/hook/cmake_prefix_path.sh'
[1.746s] Level 1:colcon.colcon_core.environment:checking '/home/user/ros2_ws/install/arm_moveit_config/bin'
[1.747s] Level 1:colcon.colcon_core.environment:checking '/home/user/ros2_ws/install/arm_moveit_config/lib/pkgconfig/arm_moveit_config.pc'
[1.747s] Level 1:colcon.colcon_core.environment:checking '/home/user/ros2_ws/install/arm_moveit_config/lib/python3.12/site-packages'
[1.748s] Level 1:colcon.colcon_core.environment:checking '/home/user/ros2_ws/install/arm_moveit_config/bin'
[1.748s] INFO:colcon.colcon_core.shell:Creating package script '/home/user/ros2_ws/install/arm_moveit_config/share/arm_moveit_config/package.ps1'
[1.749s] INFO:colcon.colcon_core.shell:Creating package descriptor '/home/user/ros2_ws/install/arm_moveit_config/share/arm_moveit_config/package.dsv'
[1.750s] INFO:colcon.colcon_core.shell:Creating package script '/home/user/ros2_ws/install/arm_moveit_config/share/arm_moveit_config/package.sh'
[1.750s] INFO:colcon.colcon_core.shell:Creating package script '/home/user/ros2_ws/install/arm_moveit_config/share/arm_moveit_config/package.bash'
[1.751s] INFO:colcon.colcon_core.shell:Creating package script '/home/user/ros2_ws/install/arm_moveit_config/share/arm_moveit_config/package.zsh'
[1.753s] Level 1:colcon.colcon_core.environment:create_file_with_runtime_dependencies(/home/user/ros2_ws/install/arm_moveit_config/share/colcon-core/packages/arm_moveit_config)
[3.085s] DEBUG:colcon.colcon_core.event_handler.log_command:Invoking command in '/home/user/ros2_ws/src/repository/my_robot_motion': DEBUGINFOD_URLS=https://debuginfod.ubuntu.com PYTHONPATH=/home/user/ros2_ws/build/my_robot_motion/prefix_override:/usr/lib/python3/dist-packages/colcon_core/task/python/colcon_distutils_commands:/home/user/ros2_ws/install/my_robot_motion/lib/python3.12/site-packages:${PYTHONPATH} /usr/bin/python3 -W ignore:setup.py install is deprecated -W ignore:easy_install command is deprecated setup.py egg_info --egg-base ../../../build/my_robot_motion build --build-base /home/user/ros2_ws/build/my_robot_motion/build install --record /home/user/ros2_ws/build/my_robot_motion/install.log --single-version-externally-managed install_data
[4.572s] Level 1:colcon.colcon_core.environment:checking '/home/user/ros2_ws/install/my_robot_motion' for CMake module files
[4.572s] DEBUG:colcon.colcon_core.event_handler.log_command:Invoked command in '/home/user/ros2_ws/src/repository/my_robot_motion' returned '0': DEBUGINFOD_URLS=https://debuginfod.ubuntu.com PYTHONPATH=/home/user/ros2_ws/build/my_robot_motion/prefix_override:/usr/lib/python3/dist-packages/colcon_core/task/python/colcon_distutils_commands:/home/user/ros2_ws/install/my_robot_motion/lib/python3.12/site-packages:${PYTHONPATH} /usr/bin/python3 -W ignore:setup.py install is deprecated -W ignore:easy_install command is deprecated setup.py egg_info --egg-base ../../../build/my_robot_motion build --build-base /home/user/ros2_ws/build/my_robot_motion/build install --record /home/user/ros2_ws/build/my_robot_motion/install.log --single-version-externally-managed install_data
[4.573s] Level 1:colcon.colcon_core.environment:checking '/home/user/ros2_ws/install/my_robot_motion' for CMake config files
[4.574s] Level 1:colcon.colcon_core.environment:checking '/home/user/ros2_ws/install/my_robot_motion/lib'
[4.574s] Level 1:colcon.colcon_core.environment:checking '/home/user/ros2_ws/install/my_robot_motion/bin'
[4.575s] Level 1:colcon.colcon_core.environment:checking '/home/user/ros2_ws/install/my_robot_motion/lib/pkgconfig/my_robot_motion.pc'
[4.575s] Level 1:colcon.colcon_core.environment:checking '/home/user/ros2_ws/install/my_robot_motion/lib/python3.12/site-packages'
[4.575s] Level 1:colcon.colcon_core.shell:create_environment_hook('my_robot_motion', 'pythonpath')
[4.575s] INFO:colcon.colcon_core.shell:Creating environment hook '/home/user/ros2_ws/install/my_robot_motion/share/my_robot_motion/hook/pythonpath.ps1'
[4.577s] INFO:colcon.colcon_core.shell:Creating environment descriptor '/home/user/ros2_ws/install/my_robot_motion/share/my_robot_motion/hook/pythonpath.dsv'
[4.577s] INFO:colcon.colcon_core.shell:Creating environment hook '/home/user/ros2_ws/install/my_robot_motion/share/my_robot_motion/hook/pythonpath.sh'
[4.580s] Level 1:colcon.colcon_core.environment:checking '/home/user/ros2_ws/install/my_robot_motion/bin'
[4.580s] Level 1:colcon.colcon_core.environment:create_environment_scripts_only(my_robot_motion)
[4.581s] INFO:colcon.colcon_core.shell:Creating package script '/home/user/ros2_ws/install/my_robot_motion/share/my_robot_motion/package.ps1'
[4.582s] INFO:colcon.colcon_core.shell:Creating package descriptor '/home/user/ros2_ws/install/my_robot_motion/share/my_robot_motion/package.dsv'
[4.583s] INFO:colcon.colcon_core.shell:Creating package script '/home/user/ros2_ws/install/my_robot_motion/share/my_robot_motion/package.sh'
[4.584s] INFO:colcon.colcon_core.shell:Creating package script '/home/user/ros2_ws/install/my_robot_motion/share/my_robot_motion/package.bash'
[4.584s] INFO:colcon.colcon_core.shell:Creating package script '/home/user/ros2_ws/install/my_robot_motion/share/my_robot_motion/package.zsh'
[4.585s] Level 1:colcon.colcon_core.environment:create_file_with_runtime_dependencies(/home/user/ros2_ws/install/my_robot_motion/share/colcon-core/packages/my_robot_motion)
[4.585s] DEBUG:colcon.colcon_parallel_executor.executor.parallel:closing loop
[4.585s] DEBUG:colcon.colcon_parallel_executor.executor.parallel:loop closed
[4.585s] DEBUG:colcon.colcon_parallel_executor.executor.parallel:run_until_complete finished with '0'
[4.585s] DEBUG:colcon.colcon_core.event_reactor:joining thread
[4.597s] INFO:colcon.colcon_core.plugin_system:Skipping extension 'colcon_notification.desktop_notification.terminal_notifier': Not used on non-Darwin systems
[4.597s] INFO:colcon.colcon_core.plugin_system:Skipping extension 'colcon_notification.desktop_notification.win32': Not used on non-Windows systems
[4.597s] INFO:colcon.colcon_notification.desktop_notification:Sending desktop notification using 'notify2'
[4.644s] DEBUG:colcon.colcon_core.event_reactor:joined thread
[4.644s] INFO:colcon.colcon_core.shell:Creating prefix script '/home/user/ros2_ws/install/local_setup.ps1'
[4.647s] INFO:colcon.colcon_core.shell:Creating prefix util module '/home/user/ros2_ws/install/_local_setup_util_ps1.py'
[4.650s] INFO:colcon.colcon_core.shell:Creating prefix chain script '/home/user/ros2_ws/install/setup.ps1'
[4.654s] INFO:colcon.colcon_core.shell:Creating prefix script '/home/user/ros2_ws/install/local_setup.sh'
[4.657s] INFO:colcon.colcon_core.shell:Creating prefix util module '/home/user/ros2_ws/install/_local_setup_util_sh.py'
[4.659s] INFO:colcon.colcon_core.shell:Creating prefix chain script '/home/user/ros2_ws/install/setup.sh'
[4.661s] INFO:colcon.colcon_core.shell:Creating prefix script '/home/user/ros2_ws/install/local_setup.bash'
[4.662s] INFO:colcon.colcon_core.shell:Creating prefix chain script '/home/user/ros2_ws/install/setup.bash'
[4.665s] INFO:colcon.colcon_core.shell:Creating prefix script '/home/user/ros2_ws/install/local_setup.zsh'
[4.667s] INFO:colcon.colcon_core.shell:Creating prefix chain script '/home/user/ros2_ws/install/setup.zsh'
