running egg_info
creating ../../../build/my_robot_motion/my_robot_motion.egg-info
writing ../../../build/my_robot_motion/my_robot_motion.egg-info/PKG-INFO
writing dependency_links to ../../../build/my_robot_motion/my_robot_motion.egg-info/dependency_links.txt
writing entry points to ../../../build/my_robot_motion/my_robot_motion.egg-info/entry_points.txt
writing requirements to ../../../build/my_robot_motion/my_robot_motion.egg-info/requires.txt
writing top-level names to ../../../build/my_robot_motion/my_robot_motion.egg-info/top_level.txt
writing manifest file '../../../build/my_robot_motion/my_robot_motion.egg-info/SOURCES.txt'
reading manifest file '../../../build/my_robot_motion/my_robot_motion.egg-info/SOURCES.txt'
adding license file 'LICENSE'
writing manifest file '../../../build/my_robot_motion/my_robot_motion.egg-info/SOURCES.txt'
running build
running build_py
creating /home/user/ros2_ws/build/my_robot_motion/build
creating /home/user/ros2_ws/build/my_robot_motion/build/lib
creating /home/user/ros2_ws/build/my_robot_motion/build/lib/my_robot_motion
copying my_robot_motion/my_first_node.py -> /home/user/ros2_ws/build/my_robot_motion/build/lib/my_robot_motion
copying my_robot_motion/__init__.py -> /home/user/ros2_ws/build/my_robot_motion/build/lib/my_robot_motion
running install
running install_lib
creating /home/user/ros2_ws/install/my_robot_motion/lib/python3.12/site-packages/my_robot_motion
copying /home/user/ros2_ws/build/my_robot_motion/build/lib/my_robot_motion/my_first_node.py -> /home/user/ros2_ws/install/my_robot_motion/lib/python3.12/site-packages/my_robot_motion
copying /home/user/ros2_ws/build/my_robot_motion/build/lib/my_robot_motion/__init__.py -> /home/user/ros2_ws/install/my_robot_motion/lib/python3.12/site-packages/my_robot_motion
byte-compiling /home/user/ros2_ws/install/my_robot_motion/lib/python3.12/site-packages/my_robot_motion/my_first_node.py to my_first_node.cpython-312.pyc
byte-compiling /home/user/ros2_ws/install/my_robot_motion/lib/python3.12/site-packages/my_robot_motion/__init__.py to __init__.cpython-312.pyc
running install_data
creating /home/user/ros2_ws/install/my_robot_motion/share/ament_index
creating /home/user/ros2_ws/install/my_robot_motion/share/ament_index/resource_index
creating /home/user/ros2_ws/install/my_robot_motion/share/ament_index/resource_index/packages
copying resource/my_robot_motion -> /home/user/ros2_ws/install/my_robot_motion/share/ament_index/resource_index/packages
copying package.xml -> /home/user/ros2_ws/install/my_robot_motion/share/my_robot_motion
running install_egg_info
Copying ../../../build/my_robot_motion/my_robot_motion.egg-info to /home/user/ros2_ws/install/my_robot_motion/lib/python3.12/site-packages/my_robot_motion-0.0.0-py3.12.egg-info
running install_scripts
Installing my_first_node script to /home/user/ros2_ws/install/my_robot_motion/lib/my_robot_motion
writing list of installed files to '/home/user/ros2_ws/build/my_robot_motion/install.log'
