[1.960s] Invoking command in '/home/user/ros2_ws/src/repository/my_robot_motion': DEBUGINFOD_URLS=https://debuginfod.ubuntu.com PYTHONPATH=/home/user/ros2_ws/build/my_robot_motion/prefix_override:/usr/lib/python3/dist-packages/colcon_core/task/python/colcon_distutils_commands:/home/user/ros2_ws/install/my_robot_motion/lib/python3.12/site-packages:${PYTHONPATH} /usr/bin/python3 -W ignore:setup.py install is deprecated -W ignore:easy_install command is deprecated setup.py egg_info --egg-base ../../../build/my_robot_motion build --build-base /home/user/ros2_ws/build/my_robot_motion/build install --record /home/user/ros2_ws/build/my_robot_motion/install.log --single-version-externally-managed install_data
[2.502s] running egg_info
[2.502s] creating ../../../build/my_robot_motion/my_robot_motion.egg-info
[2.545s] writing ../../../build/my_robot_motion/my_robot_motion.egg-info/PKG-INFO
[2.545s] writing dependency_links to ../../../build/my_robot_motion/my_robot_motion.egg-info/dependency_links.txt
[2.545s] writing entry points to ../../../build/my_robot_motion/my_robot_motion.egg-info/entry_points.txt
[2.545s] writing requirements to ../../../build/my_robot_motion/my_robot_motion.egg-info/requires.txt
[2.545s] writing top-level names to ../../../build/my_robot_motion/my_robot_motion.egg-info/top_level.txt
[2.546s] writing manifest file '../../../build/my_robot_motion/my_robot_motion.egg-info/SOURCES.txt'
[2.634s] reading manifest file '../../../build/my_robot_motion/my_robot_motion.egg-info/SOURCES.txt'
[2.635s] adding license file 'LICENSE'
[2.648s] writing manifest file '../../../build/my_robot_motion/my_robot_motion.egg-info/SOURCES.txt'
[2.648s] running build
[2.649s] running build_py
[2.649s] creating /home/user/ros2_ws/build/my_robot_motion/build
[2.649s] creating /home/user/ros2_ws/build/my_robot_motion/build/lib
[2.649s] creating /home/user/ros2_ws/build/my_robot_motion/build/lib/my_robot_motion
[2.649s] copying my_robot_motion/my_first_node.py -> /home/user/ros2_ws/build/my_robot_motion/build/lib/my_robot_motion
[2.649s] copying my_robot_motion/__init__.py -> /home/user/ros2_ws/build/my_robot_motion/build/lib/my_robot_motion
[2.649s] running install
[2.652s] running install_lib
[2.692s] creating /home/user/ros2_ws/install/my_robot_motion/lib/python3.12/site-packages/my_robot_motion
[2.692s] copying /home/user/ros2_ws/build/my_robot_motion/build/lib/my_robot_motion/my_first_node.py -> /home/user/ros2_ws/install/my_robot_motion/lib/python3.12/site-packages/my_robot_motion
[2.692s] copying /home/user/ros2_ws/build/my_robot_motion/build/lib/my_robot_motion/__init__.py -> /home/user/ros2_ws/install/my_robot_motion/lib/python3.12/site-packages/my_robot_motion
[2.693s] byte-compiling /home/user/ros2_ws/install/my_robot_motion/lib/python3.12/site-packages/my_robot_motion/my_first_node.py to my_first_node.cpython-312.pyc
[2.694s] byte-compiling /home/user/ros2_ws/install/my_robot_motion/lib/python3.12/site-packages/my_robot_motion/__init__.py to __init__.cpython-312.pyc
[2.695s] running install_data
[2.695s] creating /home/user/ros2_ws/install/my_robot_motion/share/ament_index
[2.695s] creating /home/user/ros2_ws/install/my_robot_motion/share/ament_index/resource_index
[2.695s] creating /home/user/ros2_ws/install/my_robot_motion/share/ament_index/resource_index/packages
[2.695s] copying resource/my_robot_motion -> /home/user/ros2_ws/install/my_robot_motion/share/ament_index/resource_index/packages
[2.695s] copying package.xml -> /home/user/ros2_ws/install/my_robot_motion/share/my_robot_motion
[2.696s] running install_egg_info
[2.738s] Copying ../../../build/my_robot_motion/my_robot_motion.egg-info to /home/user/ros2_ws/install/my_robot_motion/lib/python3.12/site-packages/my_robot_motion-0.0.0-py3.12.egg-info
[2.739s] running install_scripts
[3.000s] Installing my_first_node script to /home/user/ros2_ws/install/my_robot_motion/lib/my_robot_motion
[3.000s] writing list of installed files to '/home/user/ros2_ws/build/my_robot_motion/install.log'
[3.042s] Invoked command in '/home/user/ros2_ws/src/repository/my_robot_motion' returned '0': DEBUGINFOD_URLS=https://debuginfod.ubuntu.com PYTHONPATH=/home/user/ros2_ws/build/my_robot_motion/prefix_override:/usr/lib/python3/dist-packages/colcon_core/task/python/colcon_distutils_commands:/home/user/ros2_ws/install/my_robot_motion/lib/python3.12/site-packages:${PYTHONPATH} /usr/bin/python3 -W ignore:setup.py install is deprecated -W ignore:easy_install command is deprecated setup.py egg_info --egg-base ../../../build/my_robot_motion build --build-base /home/user/ros2_ws/build/my_robot_motion/build install --record /home/user/ros2_ws/build/my_robot_motion/install.log --single-version-externally-managed install_data
